     1                                  %include "st_io.inc"
     1                              <1> ;; File stud_io.inc for Linux O.S.
     2                              <1> ;; Copyright (c) Andrey Vikt. Stolyarov, 2009.
     3                              <1> ;; I, the author, hereby grant everyone the right to use this
     4                              <1> ;; file for any purpose, in any manner, in it's original or
     5                              <1> ;; modified form, provided that any modified versions are
     6                              <1> ;; clearly marked as such.
     7                              <1> ;; file changed, macros added (by Divari I.N.,
     8                              <1> ;; Department of computer science, MIPT, 2019-2020)
     9                              <1> ;;;;;;;;;;;;;;;;;;;;;;;;;;;;;;;;;;;;;;;;;;;;;;;;;;;;;;;;;;;;;;;;;
    10                              <1> ;; system dependend part
    11                              <1> 
    12                              <1> ; generic 3-param syscall
    13                              <1> %macro _syscall_3 4
    14                              <1> 	push edx
    15                              <1> 	push ecx
    16                              <1> 	push ebx ; it is senseless to save eax as it holds the return
    17                              <1> 	push %1
    18                              <1> 	push %2
    19                              <1> 	push %3
    20                              <1> 	push %4
    21                              <1> 	pop edx
    22                              <1> 	pop ecx
    23                              <1> 	pop ebx
    24                              <1> 	pop eax 
    25                              <1> 	int 0x80
    26                              <1> 	pop ebx
    27                              <1> 	pop ecx
    28                              <1> 	pop edx
    29                              <1> %endmacro
    30                              <1> 
    31                              <1> ; syscall_exit is the only syscall we use that has 1 parameter
    32                              <1> %macro _syscall_exit 1
    33                              <1> 	mov ebx, %1	; exit code
    34                              <1> 	mov eax, 1	; 1 = sys_exit
    35                              <1> 	int 0x80
    36                              <1> %endmacro
    37                              <1> 
    38                              <1> ;; system dependent part ends here
    39                              <1> ;;;;;;;;;;;;;;;;;;;;;;;;;;;;;;;;;;;;;;;;;;;;;;;;;;;;;;;;;;;;;;;;;
    40                              <1> 
    41                              <1> ; %1: descriptor   %2: buffer addr   %3: buffer length 
    42                              <1> ; output: eax: read bytes
    43                              <1> %macro _syscall_read 3
    44                              <1> 	_syscall_3 3,%1,%2,%3
    45                              <1> %endmacro
    46                              <1> 
    47                              <1> ; %1: descriptor   %2: buffer addr   %3: buffer length 
    48                              <1> ; output: eax: written bytes
    49                              <1> %macro _syscall_write 3
    50                              <1> 	_syscall_3 4,%1,%2,%3
    51                              <1> %endmacro
    52                              <1> 
    53                              <1> ;;;;;;;;;;;;;;;;;;;;;;;;;;;;;;;;;;
    54                              <1> %macro 	PRINT 1
    55                              <1> 	pusha
    56                              <1> 	pushf
    57                              <1> 	jmp %%astr
    58                              <1> %%str	db	%1, 0
    59                              <1> %%strln	equ	$-%%str
    60                              <1> %%astr:	_syscall_write 1, %%str, %%strln
    61                              <1> 	popf
    62                              <1> 	popa
    63                              <1> %endmacro
    64                              <1> 
    65                              <1> ;;;;;;;;;;;;;;;;;;;;;;;;;;;;;;;;;;
    66                              <1> %macro	PUTCHAR 1
    67                              <1> 	pusha
    68                              <1> 	pushf
    69                              <1> %ifstr %1
    70                              <1> 	mov	al, %1
    71                              <1> %elifnum %1
    72                              <1> 	mov	al, %1
    73                              <1> %elifidni %1,al
    74                              <1> 	nop
    75                              <1> %elifidni %1,ah
    76                              <1> 	mov	al, ah
    77                              <1> %elifidni %1,bl
    78                              <1> 	mov	al, bl
    79                              <1> %elifidni %1,bh
    80                              <1> 	mov	al, bh
    81                              <1> %elifidni %1,cl
    82                              <1> 	mov	al, cl
    83                              <1> %elifidni %1,ch
    84                              <1> 	mov	al, ch
    85                              <1> %elifidni %1,dl
    86                              <1> 	mov	al, dl
    87                              <1> %elifidni %1,dh
    88                              <1> 	mov	al, dh
    89                              <1> %else
    90                              <1> 	mov	al, %1  ; let's hope it is a memory location such as [var]
    91                              <1> %endif
    92                              <1> 	sub	esp, 2  ; reserve memory for buffer
    93                              <1> 	mov	edi, esp
    94                              <1> 	mov	[edi], al
    95                              <1> 	_syscall_write 1, edi, 1
    96                              <1> 	add	esp, 2
    97                              <1> 	popf
    98                              <1> 	popa
    99                              <1> %endmacro
   100                              <1> 
   101                              <1> ;;;;;;;;;;;;;;;;;;;;;;;;;;;;;;;;;;
   102                              <1> %macro	GETCHAR 0
   103                              <1> 	pushf
   104                              <1> 	push	edi
   105                              <1> 	sub	esp, 2
   106                              <1> 	mov	edi, esp
   107                              <1> 	_syscall_read 0, edi, 1
   108                              <1> 	cmp	eax, 1
   109                              <1> 	jne	%%eof_reached
   110                              <1> 	xor	eax,eax
   111                              <1> 	mov	al, [edi]
   112                              <1> 	jmp	%%gcquit
   113                              <1> %%eof_reached:
   114                              <1> 	xor	eax, eax
   115                              <1> 	not	eax 		; eax := -1
   116                              <1> %%gcquit:
   117                              <1> 	add	esp, 2
   118                              <1> 	pop	edi
   119                              <1> 	popf
   120                              <1> %endmacro
   121                              <1> 
   122                              <1> ;;;;;;;;;;;;;;;;;;;;;;;;;;;;;;;;;;
   123                              <1> %macro FINISH 0-1 0
   124                              <1> 	_syscall_exit %1
   125                              <1> %endmacro
   126                              <1> ;;;;;;;;;;;;;;;;;;;;;;;;;;;;;;;;;
   127                              <1> %macro UNSINT 1
   128                              <1> pusha
   129                              <1> pushf
   130                              <1> push dword %1
   131                              <1> pop eax
   132                              <1> mov edi,eax
   133                              <1> mov esi,10
   134                              <1>   xor ebx,ebx
   135                              <1> %%m1:
   136                              <1>    xor edx,edx
   137                              <1>    div esi
   138                              <1>    inc ebx
   139                              <1>    cmp eax,0
   140                              <1>    jne %%m1
   141                              <1>     
   142                              <1>    mov eax,1
   143                              <1>    mov ecx,ebx
   144                              <1>    dec ecx
   145                              <1> ;;;;;;;;;;;;;;;;;;;;;;;;;;;;;;
   146                              <1>     cmp ecx,0
   147                              <1>      je %%m4
   148                              <1> %%m2:  mul esi
   149                              <1>        loop %%m2
   150                              <1> 
   151                              <1>        mov ebx,eax
   152                              <1> 
   153                              <1> %%m3:       
   154                              <1>       mov eax,edi 
   155                              <1>       xor edx,edx 
   156                              <1>       div ebx
   157                              <1>       add al,'0'
   158                              <1>       PUTCHAR al
   159                              <1>       mov edi,edx
   160                              <1>       xor edx,edx
   161                              <1>       mov eax,ebx
   162                              <1>       div esi
   163                              <1>       cmp eax,1
   164                              <1>       je %%m4
   165                              <1>       mov ebx,eax
   166                              <1>       jmp %%m3
   167                              <1>  %%m4:      
   168                              <1>       mov edx,edi
   169                              <1>       add dl,'0'
   170                              <1>       PUTCHAR dl
   171                              <1>        
   172                              <1>   
   173                              <1> popf
   174                              <1> popa
   175                              <1> %endmacro
   176                              <1> ;;;;;;;;;;;;;;;;;;;;;;;;;;;;;;;;
   177                              <1> %macro SIGNINT 1
   178                              <1> pusha
   179                              <1> pushf
   180                              <1> push dword %1
   181                              <1> pop eax
   182                              <1>     cmp eax,0
   183                              <1>     jge %%m5
   184                              <1>     PUTCHAR '-'
   185                              <1>     neg eax
   186                              <1> %%m5:
   187                              <1>       UNSINT eax
   188                              <1> popf
   189                              <1> popa
   190                              <1> %endmacro
     2                                  global _start
     3                                  
     4                                  section .bss
     5 00000000 <res 00000004>          adr resd 1
     6                                  section .text
     7                                  _start:
     8                                  
     9 00000000 B8[0C000000]            mov eax, m
    10 00000005 A3[00000000]            mov dword[adr], eax
    11 0000000A EB18                    jmp pp
    12                                  m:
    13                                  
    14 0000000C B8[18000000]            mov eax,m1
    15 00000011 A3[00000000]            mov dword[adr], eax
    16 00000016 EB0C                    jmp pp
    17                                  m1:
    18                                  
    19                                  
    20                                  FINISH
    20                              <1>  _syscall_exit %1
    20 00000018 BB00000000          <2>  mov ebx, %1
    20 0000001D B801000000          <2>  mov eax, 1
    20 00000022 CD80                <2>  int 0x80
    21                                  
    22                                  pp:
    23                                  
    24 00000024 FF25[00000000]          jmp dword[adr]
