     1                                  %include "st_io.inc"
     1                              <1> ;; File stud_io.inc for Linux O.S.
     2                              <1> ;; Copyright (c) Andrey Vikt. Stolyarov, 2009.
     3                              <1> ;; I, the author, hereby grant everyone the right to use this
     4                              <1> ;; file for any purpose, in any manner, in it's original or
     5                              <1> ;; modified form, provided that any modified versions are
     6                              <1> ;; clearly marked as such.
     7                              <1> ;; file changed, macros added (by Divari I.N.,
     8                              <1> ;; Department of computer science, MIPT, 2019-2020)
     9                              <1> ;;;;;;;;;;;;;;;;;;;;;;;;;;;;;;;;;;;;;;;;;;;;;;;;;;;;;;;;;;;;;;;;;
    10                              <1> ;; system dependend part
    11                              <1> 
    12                              <1> ; generic 3-param syscall
    13                              <1> %macro _syscall_3 4
    14                              <1> 	push edx
    15                              <1> 	push ecx
    16                              <1> 	push ebx ; it is senseless to save eax as it holds the return
    17                              <1> 	push %1
    18                              <1> 	push %2
    19                              <1> 	push %3
    20                              <1> 	push %4
    21                              <1> 	pop edx
    22                              <1> 	pop ecx
    23                              <1> 	pop ebx
    24                              <1> 	pop eax 
    25                              <1> 	int 0x80
    26                              <1> 	pop ebx
    27                              <1> 	pop ecx
    28                              <1> 	pop edx
    29                              <1> %endmacro
    30                              <1> 
    31                              <1> ; syscall_exit is the only syscall we use that has 1 parameter
    32                              <1> %macro _syscall_exit 1
    33                              <1> 	mov ebx, %1	; exit code
    34                              <1> 	mov eax, 1	; 1 = sys_exit
    35                              <1> 	int 0x80
    36                              <1> %endmacro
    37                              <1> 
    38                              <1> ;; system dependent part ends here
    39                              <1> ;;;;;;;;;;;;;;;;;;;;;;;;;;;;;;;;;;;;;;;;;;;;;;;;;;;;;;;;;;;;;;;;;
    40                              <1> 
    41                              <1> ; %1: descriptor   %2: buffer addr   %3: buffer length 
    42                              <1> ; output: eax: read bytes
    43                              <1> %macro _syscall_read 3
    44                              <1> 	_syscall_3 3,%1,%2,%3
    45                              <1> %endmacro
    46                              <1> 
    47                              <1> ; %1: descriptor   %2: buffer addr   %3: buffer length 
    48                              <1> ; output: eax: written bytes
    49                              <1> %macro _syscall_write 3
    50                              <1> 	_syscall_3 4,%1,%2,%3
    51                              <1> %endmacro
    52                              <1> 
    53                              <1> ;;;;;;;;;;;;;;;;;;;;;;;;;;;;;;;;;;
    54                              <1> %macro 	PRINT 1
    55                              <1> 	pusha
    56                              <1> 	pushf
    57                              <1> 	jmp %%astr
    58                              <1> %%str	db	%1, 0
    59                              <1> %%strln	equ	$-%%str
    60                              <1> %%astr:	_syscall_write 1, %%str, %%strln
    61                              <1> 	popf
    62                              <1> 	popa
    63                              <1> %endmacro
    64                              <1> 
    65                              <1> ;;;;;;;;;;;;;;;;;;;;;;;;;;;;;;;;;;
    66                              <1> %macro	PUTCHAR 1
    67                              <1> 	pusha
    68                              <1> 	pushf
    69                              <1> %ifstr %1
    70                              <1> 	mov	al, %1
    71                              <1> %elifnum %1
    72                              <1> 	mov	al, %1
    73                              <1> %elifidni %1,al
    74                              <1> 	nop
    75                              <1> %elifidni %1,ah
    76                              <1> 	mov	al, ah
    77                              <1> %elifidni %1,bl
    78                              <1> 	mov	al, bl
    79                              <1> %elifidni %1,bh
    80                              <1> 	mov	al, bh
    81                              <1> %elifidni %1,cl
    82                              <1> 	mov	al, cl
    83                              <1> %elifidni %1,ch
    84                              <1> 	mov	al, ch
    85                              <1> %elifidni %1,dl
    86                              <1> 	mov	al, dl
    87                              <1> %elifidni %1,dh
    88                              <1> 	mov	al, dh
    89                              <1> %else
    90                              <1> 	mov	al, %1  ; let's hope it is a memory location such as [var]
    91                              <1> %endif
    92                              <1> 	sub	esp, 2  ; reserve memory for buffer
    93                              <1> 	mov	edi, esp
    94                              <1> 	mov	[edi], al
    95                              <1> 	_syscall_write 1, edi, 1
    96                              <1> 	add	esp, 2
    97                              <1> 	popf
    98                              <1> 	popa
    99                              <1> %endmacro
   100                              <1> 
   101                              <1> ;;;;;;;;;;;;;;;;;;;;;;;;;;;;;;;;;;
   102                              <1> %macro	GETCHAR 0
   103                              <1> 	pushf
   104                              <1> 	push	edi
   105                              <1> 	sub	esp, 2
   106                              <1> 	mov	edi, esp
   107                              <1> 	_syscall_read 0, edi, 1
   108                              <1> 	cmp	eax, 1
   109                              <1> 	jne	%%eof_reached
   110                              <1> 	xor	eax,eax
   111                              <1> 	mov	al, [edi]
   112                              <1> 	jmp	%%gcquit
   113                              <1> %%eof_reached:
   114                              <1> 	xor	eax, eax
   115                              <1> 	not	eax 		; eax := -1
   116                              <1> %%gcquit:
   117                              <1> 	add	esp, 2
   118                              <1> 	pop	edi
   119                              <1> 	popf
   120                              <1> %endmacro
   121                              <1> 
   122                              <1> ;;;;;;;;;;;;;;;;;;;;;;;;;;;;;;;;;;
   123                              <1> %macro FINISH 0-1 0
   124                              <1> 	_syscall_exit %1
   125                              <1> %endmacro
   126                              <1> ;;;;;;;;;;;;;;;;;;;;;;;;;;;;;;;;;
   127                              <1> %macro UNSINT 1
   128                              <1> pusha
   129                              <1> pushf
   130                              <1> push dword %1
   131                              <1> pop eax
   132                              <1> mov edi,eax
   133                              <1> mov esi,10
   134                              <1>   xor ebx,ebx
   135                              <1> %%m1:
   136                              <1>    xor edx,edx
   137                              <1>    div esi
   138                              <1>    inc ebx
   139                              <1>    cmp eax,0
   140                              <1>    jne %%m1
   141                              <1>     
   142                              <1>    mov eax,1
   143                              <1>    mov ecx,ebx
   144                              <1>    dec ecx
   145                              <1> ;;;;;;;;;;;;;;;;;;;;;;;;;;;;;;
   146                              <1>     cmp ecx,0
   147                              <1>      je %%m4
   148                              <1> %%m2:  mul esi
   149                              <1>        loop %%m2
   150                              <1> 
   151                              <1>        mov ebx,eax
   152                              <1> 
   153                              <1> %%m3:       
   154                              <1>       mov eax,edi 
   155                              <1>       xor edx,edx 
   156                              <1>       div ebx
   157                              <1>       add al,'0'
   158                              <1>       PUTCHAR al
   159                              <1>       mov edi,edx
   160                              <1>       xor edx,edx
   161                              <1>       mov eax,ebx
   162                              <1>       div esi
   163                              <1>       cmp eax,1
   164                              <1>       je %%m4
   165                              <1>       mov ebx,eax
   166                              <1>       jmp %%m3
   167                              <1>  %%m4:      
   168                              <1>       mov edx,edi
   169                              <1>       add dl,'0'
   170                              <1>       PUTCHAR dl
   171                              <1>        
   172                              <1>   
   173                              <1> popf
   174                              <1> popa
   175                              <1> %endmacro
   176                              <1> ;;;;;;;;;;;;;;;;;;;;;;;;;;;;;;;;
   177                              <1> %macro SIGNINT 1
   178                              <1> pusha
   179                              <1> pushf
   180                              <1> push dword %1
   181                              <1> pop eax
   182                              <1>     cmp eax,0
   183                              <1>     jge %%m5
   184                              <1>     PUTCHAR '-'
   185                              <1>     neg eax
   186                              <1> %%m5:
   187                              <1>       UNSINT eax
   188                              <1> popf
   189                              <1> popa
   190                              <1> %endmacro
     2                                  global _start
     3                                  section .data
     4 00000000 04000000                n dd 4
     5                                  section .bss
     6                                  
     7                                  section .text
     8                                  _start:
     9 00000000 8B0D[00000000]          mov ecx, [n]
    10 00000006 BB01000000              mov ebx,1
    11 0000000B E8BE000000              call fct
    12                                  UNSINT eax
    12 00000010 60                  <1> pusha
    12 00000011 9C                  <1> pushf
    12 00000012 50                  <1> push dword %1
    12 00000013 58                  <1> pop eax
    12 00000014 89C7                <1> mov edi,eax
    12 00000016 BE0A000000          <1> mov esi,10
    12 0000001B 31DB                <1>  xor ebx,ebx
    12                              <1> %%m1:
    12 0000001D 31D2                <1>  xor edx,edx
    12 0000001F F7F6                <1>  div esi
    12 00000021 43                  <1>  inc ebx
    12 00000022 83F800              <1>  cmp eax,0
    12 00000025 75F6                <1>  jne %%m1
    12                              <1> 
    12 00000027 B801000000          <1>  mov eax,1
    12 0000002C 89D9                <1>  mov ecx,ebx
    12 0000002E 49                  <1>  dec ecx
    12                              <1> 
    12 0000002F 83F900              <1>  cmp ecx,0
    12 00000032 7441                <1>  je %%m4
    12 00000034 F7E6                <1> %%m2: mul esi
    12 00000036 E2FC                <1>  loop %%m2
    12                              <1> 
    12 00000038 89C3                <1>  mov ebx,eax
    12                              <1> 
    12                              <1> %%m3:
    12 0000003A 89F8                <1>  mov eax,edi
    12 0000003C 31D2                <1>  xor edx,edx
    12 0000003E F7F3                <1>  div ebx
    12 00000040 0430                <1>  add al,'0'
    12                              <1>  PUTCHAR al
    12 00000042 60                  <2>  pusha
    12 00000043 9C                  <2>  pushf
    12                              <2> %ifstr %1
    12                              <2>  mov al, %1
    12                              <2> %elifnum %1
    12                              <2>  mov al, %1
    12                              <2> %elifidni %1,al
    12 00000044 90                  <2>  nop
    12                              <2> %elifidni %1,ah
    12                              <2>  mov al, ah
    12                              <2> %elifidni %1,bl
    12                              <2>  mov al, bl
    12                              <2> %elifidni %1,bh
    12                              <2>  mov al, bh
    12                              <2> %elifidni %1,cl
    12                              <2>  mov al, cl
    12                              <2> %elifidni %1,ch
    12                              <2>  mov al, ch
    12                              <2> %elifidni %1,dl
    12                              <2>  mov al, dl
    12                              <2> %elifidni %1,dh
    12                              <2>  mov al, dh
    12                              <2> %else
    12                              <2>  mov al, %1
    12                              <2> %endif
    12 00000045 83EC02              <2>  sub esp, 2
    12 00000048 89E7                <2>  mov edi, esp
    12 0000004A 8807                <2>  mov [edi], al
    12                              <2>  _syscall_write 1, edi, 1
    12                              <3>  _syscall_3 4,%1,%2,%3
    12 0000004C 52                  <4>  push edx
    12 0000004D 51                  <4>  push ecx
    12 0000004E 53                  <4>  push ebx
    12 0000004F 6A04                <4>  push %1
    12 00000051 6A01                <4>  push %2
    12 00000053 57                  <4>  push %3
    12 00000054 6A01                <4>  push %4
    12 00000056 5A                  <4>  pop edx
    12 00000057 59                  <4>  pop ecx
    12 00000058 5B                  <4>  pop ebx
    12 00000059 58                  <4>  pop eax
    12 0000005A CD80                <4>  int 0x80
    12 0000005C 5B                  <4>  pop ebx
    12 0000005D 59                  <4>  pop ecx
    12 0000005E 5A                  <4>  pop edx
    12 0000005F 83C402              <2>  add esp, 2
    12 00000062 9D                  <2>  popf
    12 00000063 61                  <2>  popa
    12 00000064 89D7                <1>  mov edi,edx
    12 00000066 31D2                <1>  xor edx,edx
    12 00000068 89D8                <1>  mov eax,ebx
    12 0000006A F7F6                <1>  div esi
    12 0000006C 83F801              <1>  cmp eax,1
    12 0000006F 7404                <1>  je %%m4
    12 00000071 89C3                <1>  mov ebx,eax
    12 00000073 EBC5                <1>  jmp %%m3
    12                              <1>  %%m4:
    12 00000075 89FA                <1>  mov edx,edi
    12 00000077 80C230              <1>  add dl,'0'
    12                              <1>  PUTCHAR dl
    12 0000007A 60                  <2>  pusha
    12 0000007B 9C                  <2>  pushf
    12                              <2> %ifstr %1
    12                              <2>  mov al, %1
    12                              <2> %elifnum %1
    12                              <2>  mov al, %1
    12                              <2> %elifidni %1,al
    12                              <2>  nop
    12                              <2> %elifidni %1,ah
    12                              <2>  mov al, ah
    12                              <2> %elifidni %1,bl
    12                              <2>  mov al, bl
    12                              <2> %elifidni %1,bh
    12                              <2>  mov al, bh
    12                              <2> %elifidni %1,cl
    12                              <2>  mov al, cl
    12                              <2> %elifidni %1,ch
    12                              <2>  mov al, ch
    12                              <2> %elifidni %1,dl
    12 0000007C 88D0                <2>  mov al, dl
    12                              <2> %elifidni %1,dh
    12                              <2>  mov al, dh
    12                              <2> %else
    12                              <2>  mov al, %1
    12                              <2> %endif
    12 0000007E 83EC02              <2>  sub esp, 2
    12 00000081 89E7                <2>  mov edi, esp
    12 00000083 8807                <2>  mov [edi], al
    12                              <2>  _syscall_write 1, edi, 1
    12                              <3>  _syscall_3 4,%1,%2,%3
    12 00000085 52                  <4>  push edx
    12 00000086 51                  <4>  push ecx
    12 00000087 53                  <4>  push ebx
    12 00000088 6A04                <4>  push %1
    12 0000008A 6A01                <4>  push %2
    12 0000008C 57                  <4>  push %3
    12 0000008D 6A01                <4>  push %4
    12 0000008F 5A                  <4>  pop edx
    12 00000090 59                  <4>  pop ecx
    12 00000091 5B                  <4>  pop ebx
    12 00000092 58                  <4>  pop eax
    12 00000093 CD80                <4>  int 0x80
    12 00000095 5B                  <4>  pop ebx
    12 00000096 59                  <4>  pop ecx
    12 00000097 5A                  <4>  pop edx
    12 00000098 83C402              <2>  add esp, 2
    12 0000009B 9D                  <2>  popf
    12 0000009C 61                  <2>  popa
    12                              <1> 
    12                              <1> 
    12 0000009D 9D                  <1> popf
    12 0000009E 61                  <1> popa
    13                                  PUTCHAR 0xA
    13 0000009F 60                  <1>  pusha
    13 000000A0 9C                  <1>  pushf
    13                              <1> %ifstr %1
    13                              <1>  mov al, %1
    13                              <1> %elifnum %1
    13 000000A1 B00A                <1>  mov al, %1
    13                              <1> %elifidni %1,al
    13                              <1>  nop
    13                              <1> %elifidni %1,ah
    13                              <1>  mov al, ah
    13                              <1> %elifidni %1,bl
    13                              <1>  mov al, bl
    13                              <1> %elifidni %1,bh
    13                              <1>  mov al, bh
    13                              <1> %elifidni %1,cl
    13                              <1>  mov al, cl
    13                              <1> %elifidni %1,ch
    13                              <1>  mov al, ch
    13                              <1> %elifidni %1,dl
    13                              <1>  mov al, dl
    13                              <1> %elifidni %1,dh
    13                              <1>  mov al, dh
    13                              <1> %else
    13                              <1>  mov al, %1
    13                              <1> %endif
    13 000000A3 83EC02              <1>  sub esp, 2
    13 000000A6 89E7                <1>  mov edi, esp
    13 000000A8 8807                <1>  mov [edi], al
    13                              <1>  _syscall_write 1, edi, 1
    13                              <2>  _syscall_3 4,%1,%2,%3
    13 000000AA 52                  <3>  push edx
    13 000000AB 51                  <3>  push ecx
    13 000000AC 53                  <3>  push ebx
    13 000000AD 6A04                <3>  push %1
    13 000000AF 6A01                <3>  push %2
    13 000000B1 57                  <3>  push %3
    13 000000B2 6A01                <3>  push %4
    13 000000B4 5A                  <3>  pop edx
    13 000000B5 59                  <3>  pop ecx
    13 000000B6 5B                  <3>  pop ebx
    13 000000B7 58                  <3>  pop eax
    13 000000B8 CD80                <3>  int 0x80
    13 000000BA 5B                  <3>  pop ebx
    13 000000BB 59                  <3>  pop ecx
    13 000000BC 5A                  <3>  pop edx
    13 000000BD 83C402              <1>  add esp, 2
    13 000000C0 9D                  <1>  popf
    13 000000C1 61                  <1>  popa
    14                                  FINISH
    14                              <1>  _syscall_exit %1
    14 000000C2 BB00000000          <2>  mov ebx, %1
    14 000000C7 B801000000          <2>  mov eax, 1
    14 000000CC CD80                <2>  int 0x80
    15                                  
    16                                  fct:
    17 000000CE 83F900                  cmp ecx, 0
    18 000000D1 7506                    jne m
    19 000000D3 B801000000              mov eax, 1
    20 000000D8 C3                      ret
    21                                  m:
    22 000000D9 49                      dec ecx
    23 000000DA E8EFFFFFFF              call fct
    24 000000DF F7E3                    mul ebx
    25 000000E1 43                      inc ebx
    26 000000E2 C3                      ret
