     1                                  %include "st_io.inc"
     1                              <1> ;; File stud_io.inc for Linux O.S.
     2                              <1> ;; Copyright (c) Andrey Vikt. Stolyarov, 2009.
     3                              <1> ;; I, the author, hereby grant everyone the right to use this
     4                              <1> ;; file for any purpose, in any manner, in it's original or
     5                              <1> ;; modified form, provided that any modified versions are
     6                              <1> ;; clearly marked as such.
     7                              <1> ;; file changed, macros added (by Divari I.N.,
     8                              <1> ;; Department of computer science, MIPT, 2019-2020)
     9                              <1> ;;;;;;;;;;;;;;;;;;;;;;;;;;;;;;;;;;;;;;;;;;;;;;;;;;;;;;;;;;;;;;;;;
    10                              <1> ;; system dependend part
    11                              <1> 
    12                              <1> ; generic 3-param syscall
    13                              <1> %macro _syscall_3 4
    14                              <1> 	push edx
    15                              <1> 	push ecx
    16                              <1> 	push ebx ; it is senseless to save eax as it holds the return
    17                              <1> 	push %1
    18                              <1> 	push %2
    19                              <1> 	push %3
    20                              <1> 	push %4
    21                              <1> 	pop edx
    22                              <1> 	pop ecx
    23                              <1> 	pop ebx
    24                              <1> 	pop eax 
    25                              <1> 	int 0x80
    26                              <1> 	pop ebx
    27                              <1> 	pop ecx
    28                              <1> 	pop edx
    29                              <1> %endmacro
    30                              <1> 
    31                              <1> ; syscall_exit is the only syscall we use that has 1 parameter
    32                              <1> %macro _syscall_exit 1
    33                              <1> 	mov ebx, %1	; exit code
    34                              <1> 	mov eax, 1	; 1 = sys_exit
    35                              <1> 	int 0x80
    36                              <1> %endmacro
    37                              <1> 
    38                              <1> ;; system dependent part ends here
    39                              <1> ;;;;;;;;;;;;;;;;;;;;;;;;;;;;;;;;;;;;;;;;;;;;;;;;;;;;;;;;;;;;;;;;;
    40                              <1> 
    41                              <1> ; %1: descriptor   %2: buffer addr   %3: buffer length 
    42                              <1> ; output: eax: read bytes
    43                              <1> %macro _syscall_read 3
    44                              <1> 	_syscall_3 3,%1,%2,%3
    45                              <1> %endmacro
    46                              <1> 
    47                              <1> ; %1: descriptor   %2: buffer addr   %3: buffer length 
    48                              <1> ; output: eax: written bytes
    49                              <1> %macro _syscall_write 3
    50                              <1> 	_syscall_3 4,%1,%2,%3
    51                              <1> %endmacro
    52                              <1> 
    53                              <1> ;;;;;;;;;;;;;;;;;;;;;;;;;;;;;;;;;;
    54                              <1> %macro 	PRINT 1
    55                              <1> 	pusha
    56                              <1> 	pushf
    57                              <1> 	jmp %%astr
    58                              <1> %%str	db	%1, 0
    59                              <1> %%strln	equ	$-%%str
    60                              <1> %%astr:	_syscall_write 1, %%str, %%strln
    61                              <1> 	popf
    62                              <1> 	popa
    63                              <1> %endmacro
    64                              <1> 
    65                              <1> ;;;;;;;;;;;;;;;;;;;;;;;;;;;;;;;;;;
    66                              <1> %macro	PUTCHAR 1
    67                              <1> 	pusha
    68                              <1> 	pushf
    69                              <1> %ifstr %1
    70                              <1> 	mov	al, %1
    71                              <1> %elifnum %1
    72                              <1> 	mov	al, %1
    73                              <1> %elifidni %1,al
    74                              <1> 	nop
    75                              <1> %elifidni %1,ah
    76                              <1> 	mov	al, ah
    77                              <1> %elifidni %1,bl
    78                              <1> 	mov	al, bl
    79                              <1> %elifidni %1,bh
    80                              <1> 	mov	al, bh
    81                              <1> %elifidni %1,cl
    82                              <1> 	mov	al, cl
    83                              <1> %elifidni %1,ch
    84                              <1> 	mov	al, ch
    85                              <1> %elifidni %1,dl
    86                              <1> 	mov	al, dl
    87                              <1> %elifidni %1,dh
    88                              <1> 	mov	al, dh
    89                              <1> %else
    90                              <1> 	mov	al, %1  ; let's hope it is a memory location such as [var]
    91                              <1> %endif
    92                              <1> 	sub	esp, 2  ; reserve memory for buffer
    93                              <1> 	mov	edi, esp
    94                              <1> 	mov	[edi], al
    95                              <1> 	_syscall_write 1, edi, 1
    96                              <1> 	add	esp, 2
    97                              <1> 	popf
    98                              <1> 	popa
    99                              <1> %endmacro
   100                              <1> 
   101                              <1> ;;;;;;;;;;;;;;;;;;;;;;;;;;;;;;;;;;
   102                              <1> %macro	GETCHAR 0
   103                              <1> 	pushf
   104                              <1> 	push	edi
   105                              <1> 	sub	esp, 2
   106                              <1> 	mov	edi, esp
   107                              <1> 	_syscall_read 0, edi, 1
   108                              <1> 	cmp	eax, 1
   109                              <1> 	jne	%%eof_reached
   110                              <1> 	xor	eax,eax
   111                              <1> 	mov	al, [edi]
   112                              <1> 	jmp	%%gcquit
   113                              <1> %%eof_reached:
   114                              <1> 	xor	eax, eax
   115                              <1> 	not	eax 		; eax := -1
   116                              <1> %%gcquit:
   117                              <1> 	add	esp, 2
   118                              <1> 	pop	edi
   119                              <1> 	popf
   120                              <1> %endmacro
   121                              <1> 
   122                              <1> ;;;;;;;;;;;;;;;;;;;;;;;;;;;;;;;;;;
   123                              <1> %macro FINISH 0-1 0
   124                              <1> 	_syscall_exit %1
   125                              <1> %endmacro
   126                              <1> ;;;;;;;;;;;;;;;;;;;;;;;;;;;;;;;;;
   127                              <1> %macro UNSINT 1
   128                              <1> pusha
   129                              <1> pushf
   130                              <1> push dword %1
   131                              <1> pop eax
   132                              <1> mov edi,eax
   133                              <1> mov esi,10
   134                              <1>   xor ebx,ebx
   135                              <1> %%m1:
   136                              <1>    xor edx,edx
   137                              <1>    div esi
   138                              <1>    inc ebx
   139                              <1>    cmp eax,0
   140                              <1>    jne %%m1
   141                              <1>     
   142                              <1>    mov eax,1
   143                              <1>    mov ecx,ebx
   144                              <1>    dec ecx
   145                              <1> ;;;;;;;;;;;;;;;;;;;;;;;;;;;;;;
   146                              <1>     cmp ecx,0
   147                              <1>      je %%m4
   148                              <1> %%m2:  mul esi
   149                              <1>        loop %%m2
   150                              <1> 
   151                              <1>        mov ebx,eax
   152                              <1> 
   153                              <1> %%m3:       
   154                              <1>       mov eax,edi 
   155                              <1>       xor edx,edx 
   156                              <1>       div ebx
   157                              <1>       add al,'0'
   158                              <1>       PUTCHAR al
   159                              <1>       mov edi,edx
   160                              <1>       xor edx,edx
   161                              <1>       mov eax,ebx
   162                              <1>       div esi
   163                              <1>       cmp eax,1
   164                              <1>       je %%m4
   165                              <1>       mov ebx,eax
   166                              <1>       jmp %%m3
   167                              <1>  %%m4:      
   168                              <1>       mov edx,edi
   169                              <1>       add dl,'0'
   170                              <1>       PUTCHAR dl
   171                              <1>        
   172                              <1>   
   173                              <1> popf
   174                              <1> popa
   175                              <1> %endmacro
   176                              <1> ;;;;;;;;;;;;;;;;;;;;;;;;;;;;;;;;
   177                              <1> %macro SIGNINT 1
   178                              <1> pusha
   179                              <1> pushf
   180                              <1> push dword %1
   181                              <1> pop eax
   182                              <1>     cmp eax,0
   183                              <1>     jge %%m5
   184                              <1>     PUTCHAR '-'
   185                              <1>     neg eax
   186                              <1> %%m5:
   187                              <1>       UNSINT eax
   188                              <1> popf
   189                              <1> popa
   190                              <1> %endmacro
     2                                  global _start
     3                                  section .dat
     4 00000000 0B0000000C0000000D-     mas dd 11, 12, 13, 14, 15, 16, 17, 18, 19, 20, 21
     4 00000009 0000000E0000000F00-
     4 00000012 000010000000110000-
     4 0000001B 001200000013000000-
     4 00000024 1400000015000000   
     5                                  section .bss
     6                                  
     7                                  section .text
     8                                  _start:
     9 00000000 B90B000000              mov ecx,11
    10 00000005 B800000000              mov eax, 0
    11                                  l:
    12 0000000A FF3485[00000000]        	PUSH dword [mas+eax*4]
    13 00000011 40                      	inc eax
    14 00000012 E2F6                    loop l
    15                                  
    16 00000014 89E5                    	mov ebp,esp
    17 00000016 8B5500                  	mov edx, [ebp]
    18 00000019 8B4504                  	mov eax, [ebp+4]
    19 0000001C 895504                  	mov [ebp+4], edx
    20 0000001F 894500                  	mov [ebp], eax
    21 00000022 B90B000000              mov ecx,11
    22 00000027 B800000000              mov eax,0
    23                                  
    24                                  l1:
    25 0000002C 58                      	POP eax
    26                                  	UNSINT eax
    26 0000002D 60                  <1> pusha
    26 0000002E 9C                  <1> pushf
    26 0000002F 50                  <1> push dword %1
    26 00000030 58                  <1> pop eax
    26 00000031 89C7                <1> mov edi,eax
    26 00000033 BE0A000000          <1> mov esi,10
    26 00000038 31DB                <1>  xor ebx,ebx
    26                              <1> %%m1:
    26 0000003A 31D2                <1>  xor edx,edx
    26 0000003C F7F6                <1>  div esi
    26 0000003E 43                  <1>  inc ebx
    26 0000003F 83F800              <1>  cmp eax,0
    26 00000042 75F6                <1>  jne %%m1
    26                              <1> 
    26 00000044 B801000000          <1>  mov eax,1
    26 00000049 89D9                <1>  mov ecx,ebx
    26 0000004B 49                  <1>  dec ecx
    26                              <1> 
    26 0000004C 83F900              <1>  cmp ecx,0
    26 0000004F 7441                <1>  je %%m4
    26 00000051 F7E6                <1> %%m2: mul esi
    26 00000053 E2FC                <1>  loop %%m2
    26                              <1> 
    26 00000055 89C3                <1>  mov ebx,eax
    26                              <1> 
    26                              <1> %%m3:
    26 00000057 89F8                <1>  mov eax,edi
    26 00000059 31D2                <1>  xor edx,edx
    26 0000005B F7F3                <1>  div ebx
    26 0000005D 0430                <1>  add al,'0'
    26                              <1>  PUTCHAR al
    26 0000005F 60                  <2>  pusha
    26 00000060 9C                  <2>  pushf
    26                              <2> %ifstr %1
    26                              <2>  mov al, %1
    26                              <2> %elifnum %1
    26                              <2>  mov al, %1
    26                              <2> %elifidni %1,al
    26 00000061 90                  <2>  nop
    26                              <2> %elifidni %1,ah
    26                              <2>  mov al, ah
    26                              <2> %elifidni %1,bl
    26                              <2>  mov al, bl
    26                              <2> %elifidni %1,bh
    26                              <2>  mov al, bh
    26                              <2> %elifidni %1,cl
    26                              <2>  mov al, cl
    26                              <2> %elifidni %1,ch
    26                              <2>  mov al, ch
    26                              <2> %elifidni %1,dl
    26                              <2>  mov al, dl
    26                              <2> %elifidni %1,dh
    26                              <2>  mov al, dh
    26                              <2> %else
    26                              <2>  mov al, %1
    26                              <2> %endif
    26 00000062 83EC02              <2>  sub esp, 2
    26 00000065 89E7                <2>  mov edi, esp
    26 00000067 8807                <2>  mov [edi], al
    26                              <2>  _syscall_write 1, edi, 1
    26                              <3>  _syscall_3 4,%1,%2,%3
    26 00000069 52                  <4>  push edx
    26 0000006A 51                  <4>  push ecx
    26 0000006B 53                  <4>  push ebx
    26 0000006C 6A04                <4>  push %1
    26 0000006E 6A01                <4>  push %2
    26 00000070 57                  <4>  push %3
    26 00000071 6A01                <4>  push %4
    26 00000073 5A                  <4>  pop edx
    26 00000074 59                  <4>  pop ecx
    26 00000075 5B                  <4>  pop ebx
    26 00000076 58                  <4>  pop eax
    26 00000077 CD80                <4>  int 0x80
    26 00000079 5B                  <4>  pop ebx
    26 0000007A 59                  <4>  pop ecx
    26 0000007B 5A                  <4>  pop edx
    26 0000007C 83C402              <2>  add esp, 2
    26 0000007F 9D                  <2>  popf
    26 00000080 61                  <2>  popa
    26 00000081 89D7                <1>  mov edi,edx
    26 00000083 31D2                <1>  xor edx,edx
    26 00000085 89D8                <1>  mov eax,ebx
    26 00000087 F7F6                <1>  div esi
    26 00000089 83F801              <1>  cmp eax,1
    26 0000008C 7404                <1>  je %%m4
    26 0000008E 89C3                <1>  mov ebx,eax
    26 00000090 EBC5                <1>  jmp %%m3
    26                              <1>  %%m4:
    26 00000092 89FA                <1>  mov edx,edi
    26 00000094 80C230              <1>  add dl,'0'
    26                              <1>  PUTCHAR dl
    26 00000097 60                  <2>  pusha
    26 00000098 9C                  <2>  pushf
    26                              <2> %ifstr %1
    26                              <2>  mov al, %1
    26                              <2> %elifnum %1
    26                              <2>  mov al, %1
    26                              <2> %elifidni %1,al
    26                              <2>  nop
    26                              <2> %elifidni %1,ah
    26                              <2>  mov al, ah
    26                              <2> %elifidni %1,bl
    26                              <2>  mov al, bl
    26                              <2> %elifidni %1,bh
    26                              <2>  mov al, bh
    26                              <2> %elifidni %1,cl
    26                              <2>  mov al, cl
    26                              <2> %elifidni %1,ch
    26                              <2>  mov al, ch
    26                              <2> %elifidni %1,dl
    26 00000099 88D0                <2>  mov al, dl
    26                              <2> %elifidni %1,dh
    26                              <2>  mov al, dh
    26                              <2> %else
    26                              <2>  mov al, %1
    26                              <2> %endif
    26 0000009B 83EC02              <2>  sub esp, 2
    26 0000009E 89E7                <2>  mov edi, esp
    26 000000A0 8807                <2>  mov [edi], al
    26                              <2>  _syscall_write 1, edi, 1
    26                              <3>  _syscall_3 4,%1,%2,%3
    26 000000A2 52                  <4>  push edx
    26 000000A3 51                  <4>  push ecx
    26 000000A4 53                  <4>  push ebx
    26 000000A5 6A04                <4>  push %1
    26 000000A7 6A01                <4>  push %2
    26 000000A9 57                  <4>  push %3
    26 000000AA 6A01                <4>  push %4
    26 000000AC 5A                  <4>  pop edx
    26 000000AD 59                  <4>  pop ecx
    26 000000AE 5B                  <4>  pop ebx
    26 000000AF 58                  <4>  pop eax
    26 000000B0 CD80                <4>  int 0x80
    26 000000B2 5B                  <4>  pop ebx
    26 000000B3 59                  <4>  pop ecx
    26 000000B4 5A                  <4>  pop edx
    26 000000B5 83C402              <2>  add esp, 2
    26 000000B8 9D                  <2>  popf
    26 000000B9 61                  <2>  popa
    26                              <1> 
    26                              <1> 
    26 000000BA 9D                  <1> popf
    26 000000BB 61                  <1> popa
    27                                  	PRINT " "
    27 000000BC 60                  <1>  pusha
    27 000000BD 9C                  <1>  pushf
    27 000000BE EB02                <1>  jmp %%astr
    27 000000C0 2000                <1> %%str db %1, 0
    27                              <1> %%strln equ $-%%str
    27                              <1> %%astr: _syscall_write 1, %%str, %%strln
    27                              <2> ..@11.astr: 
    27                              <2>  _syscall_3 4,%1,%2,%3
    27 000000C2 52                  <3>  push edx
    27 000000C3 51                  <3>  push ecx
    27 000000C4 53                  <3>  push ebx
    27 000000C5 6A04                <3>  push %1
    27 000000C7 6A01                <3>  push %2
    27 000000C9 68[C0000000]        <3>  push %3
    27 000000CE 6A02                <3>  push %4
    27 000000D0 5A                  <3>  pop edx
    27 000000D1 59                  <3>  pop ecx
    27 000000D2 5B                  <3>  pop ebx
    27 000000D3 58                  <3>  pop eax
    27 000000D4 CD80                <3>  int 0x80
    27 000000D6 5B                  <3>  pop ebx
    27 000000D7 59                  <3>  pop ecx
    27 000000D8 5A                  <3>  pop edx
    27 000000D9 9D                  <1>  popf
    27 000000DA 61                  <1>  popa
    28 000000DB 49                      	dec ecx
    29 000000DC 83F900                  cmp ecx, 0
    30 000000DF 0F8547FFFFFF            jne l1
    31                                  
    32                                  PUTCHAR 0xa
    32 000000E5 60                  <1>  pusha
    32 000000E6 9C                  <1>  pushf
    32                              <1> %ifstr %1
    32                              <1>  mov al, %1
    32                              <1> %elifnum %1
    32 000000E7 B00A                <1>  mov al, %1
    32                              <1> %elifidni %1,al
    32                              <1>  nop
    32                              <1> %elifidni %1,ah
    32                              <1>  mov al, ah
    32                              <1> %elifidni %1,bl
    32                              <1>  mov al, bl
    32                              <1> %elifidni %1,bh
    32                              <1>  mov al, bh
    32                              <1> %elifidni %1,cl
    32                              <1>  mov al, cl
    32                              <1> %elifidni %1,ch
    32                              <1>  mov al, ch
    32                              <1> %elifidni %1,dl
    32                              <1>  mov al, dl
    32                              <1> %elifidni %1,dh
    32                              <1>  mov al, dh
    32                              <1> %else
    32                              <1>  mov al, %1
    32                              <1> %endif
    32 000000E9 83EC02              <1>  sub esp, 2
    32 000000EC 89E7                <1>  mov edi, esp
    32 000000EE 8807                <1>  mov [edi], al
    32                              <1>  _syscall_write 1, edi, 1
    32                              <2>  _syscall_3 4,%1,%2,%3
    32 000000F0 52                  <3>  push edx
    32 000000F1 51                  <3>  push ecx
    32 000000F2 53                  <3>  push ebx
    32 000000F3 6A04                <3>  push %1
    32 000000F5 6A01                <3>  push %2
    32 000000F7 57                  <3>  push %3
    32 000000F8 6A01                <3>  push %4
    32 000000FA 5A                  <3>  pop edx
    32 000000FB 59                  <3>  pop ecx
    32 000000FC 5B                  <3>  pop ebx
    32 000000FD 58                  <3>  pop eax
    32 000000FE CD80                <3>  int 0x80
    32 00000100 5B                  <3>  pop ebx
    32 00000101 59                  <3>  pop ecx
    32 00000102 5A                  <3>  pop edx
    32 00000103 83C402              <1>  add esp, 2
    32 00000106 9D                  <1>  popf
    32 00000107 61                  <1>  popa
    33                                  FINISH
    33                              <1>  _syscall_exit %1
    33 00000108 BB00000000          <2>  mov ebx, %1
    33 0000010D B801000000          <2>  mov eax, 1
    33 00000112 CD80                <2>  int 0x80
