     1                                  global _start 
     2                                  %include "st_io.inc"
     1                              <1> ;; File stud_io.inc for Linux O.S.
     2                              <1> ;; Copyright (c) Andrey Vikt. Stolyarov, 2009.
     3                              <1> ;; I, the author, hereby grant everyone the right to use this
     4                              <1> ;; file for any purpose, in any manner, in it's original or
     5                              <1> ;; modified form, provided that any modified versions are
     6                              <1> ;; clearly marked as such.
     7                              <1> ;; file changed, macros added (by Divari I.N.,
     8                              <1> ;; Department of computer science, MIPT, 2019-2020)
     9                              <1> ;;;;;;;;;;;;;;;;;;;;;;;;;;;;;;;;;;;;;;;;;;;;;;;;;;;;;;;;;;;;;;;;;
    10                              <1> ;; system dependend part
    11                              <1> 
    12                              <1> ; generic 3-param syscall
    13                              <1> %macro _syscall_3 4
    14                              <1> 	push edx
    15                              <1> 	push ecx
    16                              <1> 	push ebx ; it is senseless to save eax as it holds the return
    17                              <1> 	push %1
    18                              <1> 	push %2
    19                              <1> 	push %3
    20                              <1> 	push %4
    21                              <1> 	pop edx
    22                              <1> 	pop ecx
    23                              <1> 	pop ebx
    24                              <1> 	pop eax 
    25                              <1> 	int 0x80
    26                              <1> 	pop ebx
    27                              <1> 	pop ecx
    28                              <1> 	pop edx
    29                              <1> %endmacro
    30                              <1> 
    31                              <1> ; syscall_exit is the only syscall we use that has 1 parameter
    32                              <1> %macro _syscall_exit 1
    33                              <1> 	mov ebx, %1	; exit code
    34                              <1> 	mov eax, 1	; 1 = sys_exit
    35                              <1> 	int 0x80
    36                              <1> %endmacro
    37                              <1> 
    38                              <1> ;; system dependent part ends here
    39                              <1> ;;;;;;;;;;;;;;;;;;;;;;;;;;;;;;;;;;;;;;;;;;;;;;;;;;;;;;;;;;;;;;;;;
    40                              <1> 
    41                              <1> ; %1: descriptor   %2: buffer addr   %3: buffer length 
    42                              <1> ; output: eax: read bytes
    43                              <1> %macro _syscall_read 3
    44                              <1> 	_syscall_3 3,%1,%2,%3
    45                              <1> %endmacro
    46                              <1> 
    47                              <1> ; %1: descriptor   %2: buffer addr   %3: buffer length 
    48                              <1> ; output: eax: written bytes
    49                              <1> %macro _syscall_write 3
    50                              <1> 	_syscall_3 4,%1,%2,%3
    51                              <1> %endmacro
    52                              <1> 
    53                              <1> ;;;;;;;;;;;;;;;;;;;;;;;;;;;;;;;;;;
    54                              <1> %macro 	PRINT 1
    55                              <1> 	pusha
    56                              <1> 	pushf
    57                              <1> 	jmp %%astr
    58                              <1> %%str	db	%1, 0
    59                              <1> %%strln	equ	$-%%str
    60                              <1> %%astr:	_syscall_write 1, %%str, %%strln
    61                              <1> 	popf
    62                              <1> 	popa
    63                              <1> %endmacro
    64                              <1> 
    65                              <1> ;;;;;;;;;;;;;;;;;;;;;;;;;;;;;;;;;;
    66                              <1> %macro	PUTCHAR 1
    67                              <1> 	pusha
    68                              <1> 	pushf
    69                              <1> %ifstr %1
    70                              <1> 	mov	al, %1
    71                              <1> %elifnum %1
    72                              <1> 	mov	al, %1
    73                              <1> %elifidni %1,al
    74                              <1> 	nop
    75                              <1> %elifidni %1,ah
    76                              <1> 	mov	al, ah
    77                              <1> %elifidni %1,bl
    78                              <1> 	mov	al, bl
    79                              <1> %elifidni %1,bh
    80                              <1> 	mov	al, bh
    81                              <1> %elifidni %1,cl
    82                              <1> 	mov	al, cl
    83                              <1> %elifidni %1,ch
    84                              <1> 	mov	al, ch
    85                              <1> %elifidni %1,dl
    86                              <1> 	mov	al, dl
    87                              <1> %elifidni %1,dh
    88                              <1> 	mov	al, dh
    89                              <1> %else
    90                              <1> 	mov	al, %1  ; let's hope it is a memory location such as [var]
    91                              <1> %endif
    92                              <1> 	sub	esp, 2  ; reserve memory for buffer
    93                              <1> 	mov	edi, esp
    94                              <1> 	mov	[edi], al
    95                              <1> 	_syscall_write 1, edi, 1
    96                              <1> 	add	esp, 2
    97                              <1> 	popf
    98                              <1> 	popa
    99                              <1> %endmacro
   100                              <1> 
   101                              <1> ;;;;;;;;;;;;;;;;;;;;;;;;;;;;;;;;;;
   102                              <1> %macro	GETCHAR 0
   103                              <1> 	pushf
   104                              <1> 	push	edi
   105                              <1> 	sub	esp, 2
   106                              <1> 	mov	edi, esp
   107                              <1> 	_syscall_read 0, edi, 1
   108                              <1> 	cmp	eax, 1
   109                              <1> 	jne	%%eof_reached
   110                              <1> 	xor	eax,eax
   111                              <1> 	mov	al, [edi]
   112                              <1> 	jmp	%%gcquit
   113                              <1> %%eof_reached:
   114                              <1> 	xor	eax, eax
   115                              <1> 	not	eax 		; eax := -1
   116                              <1> %%gcquit:
   117                              <1> 	add	esp, 2
   118                              <1> 	pop	edi
   119                              <1> 	popf
   120                              <1> %endmacro
   121                              <1> 
   122                              <1> ;;;;;;;;;;;;;;;;;;;;;;;;;;;;;;;;;;
   123                              <1> %macro FINISH 0-1 0
   124                              <1> 	_syscall_exit %1
   125                              <1> %endmacro
   126                              <1> ;;;;;;;;;;;;;;;;;;;;;;;;;;;;;;;;;
   127                              <1> %macro UNSINT 1
   128                              <1> pusha
   129                              <1> pushf
   130                              <1> push dword %1
   131                              <1> pop eax
   132                              <1> mov edi,eax
   133                              <1> mov esi,10
   134                              <1>   xor ebx,ebx
   135                              <1> %%m1:
   136                              <1>    xor edx,edx
   137                              <1>    div esi
   138                              <1>    inc ebx
   139                              <1>    cmp eax,0
   140                              <1>    jne %%m1
   141                              <1>     
   142                              <1>    mov eax,1
   143                              <1>    mov ecx,ebx
   144                              <1>    dec ecx
   145                              <1> ;;;;;;;;;;;;;;;;;;;;;;;;;;;;;;
   146                              <1>     cmp ecx,0
   147                              <1>      je %%m4
   148                              <1> %%m2:  mul esi
   149                              <1>        loop %%m2
   150                              <1> 
   151                              <1>        mov ebx,eax
   152                              <1> 
   153                              <1> %%m3:       
   154                              <1>       mov eax,edi 
   155                              <1>       xor edx,edx 
   156                              <1>       div ebx
   157                              <1>       add al,'0'
   158                              <1>       PUTCHAR al
   159                              <1>       mov edi,edx
   160                              <1>       xor edx,edx
   161                              <1>       mov eax,ebx
   162                              <1>       div esi
   163                              <1>       cmp eax,1
   164                              <1>       je %%m4
   165                              <1>       mov ebx,eax
   166                              <1>       jmp %%m3
   167                              <1>  %%m4:      
   168                              <1>       mov edx,edi
   169                              <1>       add dl,'0'
   170                              <1>       PUTCHAR dl
   171                              <1>        
   172                              <1>   
   173                              <1> popf
   174                              <1> popa
   175                              <1> %endmacro
   176                              <1> ;;;;;;;;;;;;;;;;;;;;;;;;;;;;;;;;
   177                              <1> %macro SIGNINT 1
   178                              <1> pusha
   179                              <1> pushf
   180                              <1> push dword %1
   181                              <1> pop eax
   182                              <1>     cmp eax,0
   183                              <1>     jge %%m5
   184                              <1>     PUTCHAR '-'
   185                              <1>     neg eax
   186                              <1> %%m5:
   187                              <1>       UNSINT eax
   188                              <1> popf
   189                              <1> popa
   190                              <1> %endmacro
     3                                  section .data
     4 00000000 62080100                a dd 67682
     5                                  section .text
     6                                  _start :
     7                                  
     8 00000000 A1[00000000]            mov eax, [a]
     9 00000005 BB0A000000              mov ebx, 10
    10 0000000A BA00000000              mov edx, 0
    11 0000000F B964000000              mov ecx, 100
    12 00000014 66BE0000                mov si, 0
    13                                  
    14 00000018 F7F3                    l: div ebx
    15 0000001A BA00000000              mov edx, 0 
    16 0000001F 6646                    inc si
    17 00000021 83C000                  add eax, 0
    18 00000024 E0F2                    loopne l
    19                                  
    20 00000026 6689F3                  mov bx, si
    21 00000029 B800000000              mov eax, 0
    22 0000002E 6689D8                  mov ax,bx
    23                                  UNSINT eax
    23 00000031 60                  <1> pusha
    23 00000032 9C                  <1> pushf
    23 00000033 50                  <1> push dword %1
    23 00000034 58                  <1> pop eax
    23 00000035 89C7                <1> mov edi,eax
    23 00000037 BE0A000000          <1> mov esi,10
    23 0000003C 31DB                <1>  xor ebx,ebx
    23                              <1> %%m1:
    23 0000003E 31D2                <1>  xor edx,edx
    23 00000040 F7F6                <1>  div esi
    23 00000042 43                  <1>  inc ebx
    23 00000043 83F800              <1>  cmp eax,0
    23 00000046 75F6                <1>  jne %%m1
    23                              <1> 
    23 00000048 B801000000          <1>  mov eax,1
    23 0000004D 89D9                <1>  mov ecx,ebx
    23 0000004F 49                  <1>  dec ecx
    23                              <1> 
    23 00000050 83F900              <1>  cmp ecx,0
    23 00000053 7441                <1>  je %%m4
    23 00000055 F7E6                <1> %%m2: mul esi
    23 00000057 E2FC                <1>  loop %%m2
    23                              <1> 
    23 00000059 89C3                <1>  mov ebx,eax
    23                              <1> 
    23                              <1> %%m3:
    23 0000005B 89F8                <1>  mov eax,edi
    23 0000005D 31D2                <1>  xor edx,edx
    23 0000005F F7F3                <1>  div ebx
    23 00000061 0430                <1>  add al,'0'
    23                              <1>  PUTCHAR al
    23 00000063 60                  <2>  pusha
    23 00000064 9C                  <2>  pushf
    23                              <2> %ifstr %1
    23                              <2>  mov al, %1
    23                              <2> %elifnum %1
    23                              <2>  mov al, %1
    23                              <2> %elifidni %1,al
    23 00000065 90                  <2>  nop
    23                              <2> %elifidni %1,ah
    23                              <2>  mov al, ah
    23                              <2> %elifidni %1,bl
    23                              <2>  mov al, bl
    23                              <2> %elifidni %1,bh
    23                              <2>  mov al, bh
    23                              <2> %elifidni %1,cl
    23                              <2>  mov al, cl
    23                              <2> %elifidni %1,ch
    23                              <2>  mov al, ch
    23                              <2> %elifidni %1,dl
    23                              <2>  mov al, dl
    23                              <2> %elifidni %1,dh
    23                              <2>  mov al, dh
    23                              <2> %else
    23                              <2>  mov al, %1
    23                              <2> %endif
    23 00000066 83EC02              <2>  sub esp, 2
    23 00000069 89E7                <2>  mov edi, esp
    23 0000006B 8807                <2>  mov [edi], al
    23                              <2>  _syscall_write 1, edi, 1
    23                              <3>  _syscall_3 4,%1,%2,%3
    23 0000006D 52                  <4>  push edx
    23 0000006E 51                  <4>  push ecx
    23 0000006F 53                  <4>  push ebx
    23 00000070 6A04                <4>  push %1
    23 00000072 6A01                <4>  push %2
    23 00000074 57                  <4>  push %3
    23 00000075 6A01                <4>  push %4
    23 00000077 5A                  <4>  pop edx
    23 00000078 59                  <4>  pop ecx
    23 00000079 5B                  <4>  pop ebx
    23 0000007A 58                  <4>  pop eax
    23 0000007B CD80                <4>  int 0x80
    23 0000007D 5B                  <4>  pop ebx
    23 0000007E 59                  <4>  pop ecx
    23 0000007F 5A                  <4>  pop edx
    23 00000080 83C402              <2>  add esp, 2
    23 00000083 9D                  <2>  popf
    23 00000084 61                  <2>  popa
    23 00000085 89D7                <1>  mov edi,edx
    23 00000087 31D2                <1>  xor edx,edx
    23 00000089 89D8                <1>  mov eax,ebx
    23 0000008B F7F6                <1>  div esi
    23 0000008D 83F801              <1>  cmp eax,1
    23 00000090 7404                <1>  je %%m4
    23 00000092 89C3                <1>  mov ebx,eax
    23 00000094 EBC5                <1>  jmp %%m3
    23                              <1>  %%m4:
    23 00000096 89FA                <1>  mov edx,edi
    23 00000098 80C230              <1>  add dl,'0'
    23                              <1>  PUTCHAR dl
    23 0000009B 60                  <2>  pusha
    23 0000009C 9C                  <2>  pushf
    23                              <2> %ifstr %1
    23                              <2>  mov al, %1
    23                              <2> %elifnum %1
    23                              <2>  mov al, %1
    23                              <2> %elifidni %1,al
    23                              <2>  nop
    23                              <2> %elifidni %1,ah
    23                              <2>  mov al, ah
    23                              <2> %elifidni %1,bl
    23                              <2>  mov al, bl
    23                              <2> %elifidni %1,bh
    23                              <2>  mov al, bh
    23                              <2> %elifidni %1,cl
    23                              <2>  mov al, cl
    23                              <2> %elifidni %1,ch
    23                              <2>  mov al, ch
    23                              <2> %elifidni %1,dl
    23 0000009D 88D0                <2>  mov al, dl
    23                              <2> %elifidni %1,dh
    23                              <2>  mov al, dh
    23                              <2> %else
    23                              <2>  mov al, %1
    23                              <2> %endif
    23 0000009F 83EC02              <2>  sub esp, 2
    23 000000A2 89E7                <2>  mov edi, esp
    23 000000A4 8807                <2>  mov [edi], al
    23                              <2>  _syscall_write 1, edi, 1
    23                              <3>  _syscall_3 4,%1,%2,%3
    23 000000A6 52                  <4>  push edx
    23 000000A7 51                  <4>  push ecx
    23 000000A8 53                  <4>  push ebx
    23 000000A9 6A04                <4>  push %1
    23 000000AB 6A01                <4>  push %2
    23 000000AD 57                  <4>  push %3
    23 000000AE 6A01                <4>  push %4
    23 000000B0 5A                  <4>  pop edx
    23 000000B1 59                  <4>  pop ecx
    23 000000B2 5B                  <4>  pop ebx
    23 000000B3 58                  <4>  pop eax
    23 000000B4 CD80                <4>  int 0x80
    23 000000B6 5B                  <4>  pop ebx
    23 000000B7 59                  <4>  pop ecx
    23 000000B8 5A                  <4>  pop edx
    23 000000B9 83C402              <2>  add esp, 2
    23 000000BC 9D                  <2>  popf
    23 000000BD 61                  <2>  popa
    23                              <1> 
    23                              <1> 
    23 000000BE 9D                  <1> popf
    23 000000BF 61                  <1> popa
    24                                  PUTCHAR 10
    24 000000C0 60                  <1>  pusha
    24 000000C1 9C                  <1>  pushf
    24                              <1> %ifstr %1
    24                              <1>  mov al, %1
    24                              <1> %elifnum %1
    24 000000C2 B00A                <1>  mov al, %1
    24                              <1> %elifidni %1,al
    24                              <1>  nop
    24                              <1> %elifidni %1,ah
    24                              <1>  mov al, ah
    24                              <1> %elifidni %1,bl
    24                              <1>  mov al, bl
    24                              <1> %elifidni %1,bh
    24                              <1>  mov al, bh
    24                              <1> %elifidni %1,cl
    24                              <1>  mov al, cl
    24                              <1> %elifidni %1,ch
    24                              <1>  mov al, ch
    24                              <1> %elifidni %1,dl
    24                              <1>  mov al, dl
    24                              <1> %elifidni %1,dh
    24                              <1>  mov al, dh
    24                              <1> %else
    24                              <1>  mov al, %1
    24                              <1> %endif
    24 000000C4 83EC02              <1>  sub esp, 2
    24 000000C7 89E7                <1>  mov edi, esp
    24 000000C9 8807                <1>  mov [edi], al
    24                              <1>  _syscall_write 1, edi, 1
    24                              <2>  _syscall_3 4,%1,%2,%3
    24 000000CB 52                  <3>  push edx
    24 000000CC 51                  <3>  push ecx
    24 000000CD 53                  <3>  push ebx
    24 000000CE 6A04                <3>  push %1
    24 000000D0 6A01                <3>  push %2
    24 000000D2 57                  <3>  push %3
    24 000000D3 6A01                <3>  push %4
    24 000000D5 5A                  <3>  pop edx
    24 000000D6 59                  <3>  pop ecx
    24 000000D7 5B                  <3>  pop ebx
    24 000000D8 58                  <3>  pop eax
    24 000000D9 CD80                <3>  int 0x80
    24 000000DB 5B                  <3>  pop ebx
    24 000000DC 59                  <3>  pop ecx
    24 000000DD 5A                  <3>  pop edx
    24 000000DE 83C402              <1>  add esp, 2
    24 000000E1 9D                  <1>  popf
    24 000000E2 61                  <1>  popa
    25                                  FINISH
    25                              <1>  _syscall_exit %1
    25 000000E3 BB00000000          <2>  mov ebx, %1
    25 000000E8 B801000000          <2>  mov eax, 1
    25 000000ED CD80                <2>  int 0x80
    26                                     
