     1                                  global _start
     2                                  %include "st_io.inc"
     1                              <1> ;; File stud_io.inc for Linux O.S.
     2                              <1> ;; Copyright (c) Andrey Vikt. Stolyarov, 2009.
     3                              <1> ;; I, the author, hereby grant everyone the right to use this
     4                              <1> ;; file for any purpose, in any manner, in it's original or
     5                              <1> ;; modified form, provided that any modified versions are
     6                              <1> ;; clearly marked as such.
     7                              <1> ;; file changed, macros added (by Divari I.N.,
     8                              <1> ;; Department of computer science, MIPT, 2019-2020)
     9                              <1> ;;;;;;;;;;;;;;;;;;;;;;;;;;;;;;;;;;;;;;;;;;;;;;;;;;;;;;;;;;;;;;;;;
    10                              <1> ;; system dependend part
    11                              <1> 
    12                              <1> ; generic 3-param syscall
    13                              <1> %macro _syscall_3 4
    14                              <1> 	push edx
    15                              <1> 	push ecx
    16                              <1> 	push ebx ; it is senseless to save eax as it holds the return
    17                              <1> 	push %1
    18                              <1> 	push %2
    19                              <1> 	push %3
    20                              <1> 	push %4
    21                              <1> 	pop edx
    22                              <1> 	pop ecx
    23                              <1> 	pop ebx
    24                              <1> 	pop eax 
    25                              <1> 	int 0x80
    26                              <1> 	pop ebx
    27                              <1> 	pop ecx
    28                              <1> 	pop edx
    29                              <1> %endmacro
    30                              <1> 
    31                              <1> ; syscall_exit is the only syscall we use that has 1 parameter
    32                              <1> %macro _syscall_exit 1
    33                              <1> 	mov ebx, %1	; exit code
    34                              <1> 	mov eax, 1	; 1 = sys_exit
    35                              <1> 	int 0x80
    36                              <1> %endmacro
    37                              <1> 
    38                              <1> ;; system dependent part ends here
    39                              <1> ;;;;;;;;;;;;;;;;;;;;;;;;;;;;;;;;;;;;;;;;;;;;;;;;;;;;;;;;;;;;;;;;;
    40                              <1> 
    41                              <1> ; %1: descriptor   %2: buffer addr   %3: buffer length 
    42                              <1> ; output: eax: read bytes
    43                              <1> %macro _syscall_read 3
    44                              <1> 	_syscall_3 3,%1,%2,%3
    45                              <1> %endmacro
    46                              <1> 
    47                              <1> ; %1: descriptor   %2: buffer addr   %3: buffer length 
    48                              <1> ; output: eax: written bytes
    49                              <1> %macro _syscall_write 3
    50                              <1> 	_syscall_3 4,%1,%2,%3
    51                              <1> %endmacro
    52                              <1> 
    53                              <1> ;;;;;;;;;;;;;;;;;;;;;;;;;;;;;;;;;;
    54                              <1> %macro 	PRINT 1
    55                              <1> 	pusha
    56                              <1> 	pushf
    57                              <1> 	jmp %%astr
    58                              <1> %%str	db	%1, 0
    59                              <1> %%strln	equ	$-%%str
    60                              <1> %%astr:	_syscall_write 1, %%str, %%strln
    61                              <1> 	popf
    62                              <1> 	popa
    63                              <1> %endmacro
    64                              <1> 
    65                              <1> ;;;;;;;;;;;;;;;;;;;;;;;;;;;;;;;;;;
    66                              <1> %macro	PUTCHAR 1
    67                              <1> 	pusha
    68                              <1> 	pushf
    69                              <1> %ifstr %1
    70                              <1> 	mov	al, %1
    71                              <1> %elifnum %1
    72                              <1> 	mov	al, %1
    73                              <1> %elifidni %1,al
    74                              <1> 	nop
    75                              <1> %elifidni %1,ah
    76                              <1> 	mov	al, ah
    77                              <1> %elifidni %1,bl
    78                              <1> 	mov	al, bl
    79                              <1> %elifidni %1,bh
    80                              <1> 	mov	al, bh
    81                              <1> %elifidni %1,cl
    82                              <1> 	mov	al, cl
    83                              <1> %elifidni %1,ch
    84                              <1> 	mov	al, ch
    85                              <1> %elifidni %1,dl
    86                              <1> 	mov	al, dl
    87                              <1> %elifidni %1,dh
    88                              <1> 	mov	al, dh
    89                              <1> %else
    90                              <1> 	mov	al, %1  ; let's hope it is a memory location such as [var]
    91                              <1> %endif
    92                              <1> 	sub	esp, 2  ; reserve memory for buffer
    93                              <1> 	mov	edi, esp
    94                              <1> 	mov	[edi], al
    95                              <1> 	_syscall_write 1, edi, 1
    96                              <1> 	add	esp, 2
    97                              <1> 	popf
    98                              <1> 	popa
    99                              <1> %endmacro
   100                              <1> 
   101                              <1> ;;;;;;;;;;;;;;;;;;;;;;;;;;;;;;;;;;
   102                              <1> %macro	GETCHAR 0
   103                              <1> 	pushf
   104                              <1> 	push	edi
   105                              <1> 	sub	esp, 2
   106                              <1> 	mov	edi, esp
   107                              <1> 	_syscall_read 0, edi, 1
   108                              <1> 	cmp	eax, 1
   109                              <1> 	jne	%%eof_reached
   110                              <1> 	xor	eax,eax
   111                              <1> 	mov	al, [edi]
   112                              <1> 	jmp	%%gcquit
   113                              <1> %%eof_reached:
   114                              <1> 	xor	eax, eax
   115                              <1> 	not	eax 		; eax := -1
   116                              <1> %%gcquit:
   117                              <1> 	add	esp, 2
   118                              <1> 	pop	edi
   119                              <1> 	popf
   120                              <1> %endmacro
   121                              <1> 
   122                              <1> ;;;;;;;;;;;;;;;;;;;;;;;;;;;;;;;;;;
   123                              <1> %macro FINISH 0-1 0
   124                              <1> 	_syscall_exit %1
   125                              <1> %endmacro
   126                              <1> ;;;;;;;;;;;;;;;;;;;;;;;;;;;;;;;;;
   127                              <1> %macro UNSINT 1
   128                              <1> pusha
   129                              <1> pushf
   130                              <1> push dword %1
   131                              <1> pop eax
   132                              <1> mov edi,eax
   133                              <1> mov esi,10
   134                              <1>   xor ebx,ebx
   135                              <1> %%m1:
   136                              <1>    xor edx,edx
   137                              <1>    div esi
   138                              <1>    inc ebx
   139                              <1>    cmp eax,0
   140                              <1>    jne %%m1
   141                              <1>     
   142                              <1>    mov eax,1
   143                              <1>    mov ecx,ebx
   144                              <1>    dec ecx
   145                              <1> ;;;;;;;;;;;;;;;;;;;;;;;;;;;;;;
   146                              <1>     cmp ecx,0
   147                              <1>      je %%m4
   148                              <1> %%m2:  mul esi
   149                              <1>        loop %%m2
   150                              <1> 
   151                              <1>        mov ebx,eax
   152                              <1> 
   153                              <1> %%m3:       
   154                              <1>       mov eax,edi 
   155                              <1>       xor edx,edx 
   156                              <1>       div ebx
   157                              <1>       add al,'0'
   158                              <1>       PUTCHAR al
   159                              <1>       mov edi,edx
   160                              <1>       xor edx,edx
   161                              <1>       mov eax,ebx
   162                              <1>       div esi
   163                              <1>       cmp eax,1
   164                              <1>       je %%m4
   165                              <1>       mov ebx,eax
   166                              <1>       jmp %%m3
   167                              <1>  %%m4:      
   168                              <1>       mov edx,edi
   169                              <1>       add dl,'0'
   170                              <1>       PUTCHAR dl
   171                              <1>        
   172                              <1>   
   173                              <1> popf
   174                              <1> popa
   175                              <1> %endmacro
   176                              <1> ;;;;;;;;;;;;;;;;;;;;;;;;;;;;;;;;
   177                              <1> %macro SIGNINT 1
   178                              <1> pusha
   179                              <1> pushf
   180                              <1> push dword %1
   181                              <1> pop eax
   182                              <1>     cmp eax,0
   183                              <1>     jge %%m5
   184                              <1>     PUTCHAR '-'
   185                              <1>     neg eax
   186                              <1> %%m5:
   187                              <1>       UNSINT eax
   188                              <1> popf
   189                              <1> popa
   190                              <1> %endmacro
     3                                  section .text
     4                                  _start :
     5 00000000 B964000000              mov ecx, 100
     6 00000005 B001                    mov al, 1
     7 00000007 B701                    mov bh, 1
     8 00000009 66BE0000                mov si, 0
     9                                  l:
    10 0000000D FEC7                    inc bh
    11 0000000F F6E7                    mul bh
    12 00000011 0F82C9000000            jc s
    13                                  u:
    14 00000017 E0F4                    loopne l
    15                                  
    16 00000019 FECF                    dec bh
    17 0000001B B800000000              mov eax, 0
    18 00000020 88F8                    mov al, bh
    19                                  UNSINT eax
    19 00000022 60                  <1> pusha
    19 00000023 9C                  <1> pushf
    19 00000024 50                  <1> push dword %1
    19 00000025 58                  <1> pop eax
    19 00000026 89C7                <1> mov edi,eax
    19 00000028 BE0A000000          <1> mov esi,10
    19 0000002D 31DB                <1>  xor ebx,ebx
    19                              <1> %%m1:
    19 0000002F 31D2                <1>  xor edx,edx
    19 00000031 F7F6                <1>  div esi
    19 00000033 43                  <1>  inc ebx
    19 00000034 83F800              <1>  cmp eax,0
    19 00000037 75F6                <1>  jne %%m1
    19                              <1> 
    19 00000039 B801000000          <1>  mov eax,1
    19 0000003E 89D9                <1>  mov ecx,ebx
    19 00000040 49                  <1>  dec ecx
    19                              <1> 
    19 00000041 83F900              <1>  cmp ecx,0
    19 00000044 7441                <1>  je %%m4
    19 00000046 F7E6                <1> %%m2: mul esi
    19 00000048 E2FC                <1>  loop %%m2
    19                              <1> 
    19 0000004A 89C3                <1>  mov ebx,eax
    19                              <1> 
    19                              <1> %%m3:
    19 0000004C 89F8                <1>  mov eax,edi
    19 0000004E 31D2                <1>  xor edx,edx
    19 00000050 F7F3                <1>  div ebx
    19 00000052 0430                <1>  add al,'0'
    19                              <1>  PUTCHAR al
    19 00000054 60                  <2>  pusha
    19 00000055 9C                  <2>  pushf
    19                              <2> %ifstr %1
    19                              <2>  mov al, %1
    19                              <2> %elifnum %1
    19                              <2>  mov al, %1
    19                              <2> %elifidni %1,al
    19 00000056 90                  <2>  nop
    19                              <2> %elifidni %1,ah
    19                              <2>  mov al, ah
    19                              <2> %elifidni %1,bl
    19                              <2>  mov al, bl
    19                              <2> %elifidni %1,bh
    19                              <2>  mov al, bh
    19                              <2> %elifidni %1,cl
    19                              <2>  mov al, cl
    19                              <2> %elifidni %1,ch
    19                              <2>  mov al, ch
    19                              <2> %elifidni %1,dl
    19                              <2>  mov al, dl
    19                              <2> %elifidni %1,dh
    19                              <2>  mov al, dh
    19                              <2> %else
    19                              <2>  mov al, %1
    19                              <2> %endif
    19 00000057 83EC02              <2>  sub esp, 2
    19 0000005A 89E7                <2>  mov edi, esp
    19 0000005C 8807                <2>  mov [edi], al
    19                              <2>  _syscall_write 1, edi, 1
    19                              <3>  _syscall_3 4,%1,%2,%3
    19 0000005E 52                  <4>  push edx
    19 0000005F 51                  <4>  push ecx
    19 00000060 53                  <4>  push ebx
    19 00000061 6A04                <4>  push %1
    19 00000063 6A01                <4>  push %2
    19 00000065 57                  <4>  push %3
    19 00000066 6A01                <4>  push %4
    19 00000068 5A                  <4>  pop edx
    19 00000069 59                  <4>  pop ecx
    19 0000006A 5B                  <4>  pop ebx
    19 0000006B 58                  <4>  pop eax
    19 0000006C CD80                <4>  int 0x80
    19 0000006E 5B                  <4>  pop ebx
    19 0000006F 59                  <4>  pop ecx
    19 00000070 5A                  <4>  pop edx
    19 00000071 83C402              <2>  add esp, 2
    19 00000074 9D                  <2>  popf
    19 00000075 61                  <2>  popa
    19 00000076 89D7                <1>  mov edi,edx
    19 00000078 31D2                <1>  xor edx,edx
    19 0000007A 89D8                <1>  mov eax,ebx
    19 0000007C F7F6                <1>  div esi
    19 0000007E 83F801              <1>  cmp eax,1
    19 00000081 7404                <1>  je %%m4
    19 00000083 89C3                <1>  mov ebx,eax
    19 00000085 EBC5                <1>  jmp %%m3
    19                              <1>  %%m4:
    19 00000087 89FA                <1>  mov edx,edi
    19 00000089 80C230              <1>  add dl,'0'
    19                              <1>  PUTCHAR dl
    19 0000008C 60                  <2>  pusha
    19 0000008D 9C                  <2>  pushf
    19                              <2> %ifstr %1
    19                              <2>  mov al, %1
    19                              <2> %elifnum %1
    19                              <2>  mov al, %1
    19                              <2> %elifidni %1,al
    19                              <2>  nop
    19                              <2> %elifidni %1,ah
    19                              <2>  mov al, ah
    19                              <2> %elifidni %1,bl
    19                              <2>  mov al, bl
    19                              <2> %elifidni %1,bh
    19                              <2>  mov al, bh
    19                              <2> %elifidni %1,cl
    19                              <2>  mov al, cl
    19                              <2> %elifidni %1,ch
    19                              <2>  mov al, ch
    19                              <2> %elifidni %1,dl
    19 0000008E 88D0                <2>  mov al, dl
    19                              <2> %elifidni %1,dh
    19                              <2>  mov al, dh
    19                              <2> %else
    19                              <2>  mov al, %1
    19                              <2> %endif
    19 00000090 83EC02              <2>  sub esp, 2
    19 00000093 89E7                <2>  mov edi, esp
    19 00000095 8807                <2>  mov [edi], al
    19                              <2>  _syscall_write 1, edi, 1
    19                              <3>  _syscall_3 4,%1,%2,%3
    19 00000097 52                  <4>  push edx
    19 00000098 51                  <4>  push ecx
    19 00000099 53                  <4>  push ebx
    19 0000009A 6A04                <4>  push %1
    19 0000009C 6A01                <4>  push %2
    19 0000009E 57                  <4>  push %3
    19 0000009F 6A01                <4>  push %4
    19 000000A1 5A                  <4>  pop edx
    19 000000A2 59                  <4>  pop ecx
    19 000000A3 5B                  <4>  pop ebx
    19 000000A4 58                  <4>  pop eax
    19 000000A5 CD80                <4>  int 0x80
    19 000000A7 5B                  <4>  pop ebx
    19 000000A8 59                  <4>  pop ecx
    19 000000A9 5A                  <4>  pop edx
    19 000000AA 83C402              <2>  add esp, 2
    19 000000AD 9D                  <2>  popf
    19 000000AE 61                  <2>  popa
    19                              <1> 
    19                              <1> 
    19 000000AF 9D                  <1> popf
    19 000000B0 61                  <1> popa
    20                                  PUTCHAR 10
    20 000000B1 60                  <1>  pusha
    20 000000B2 9C                  <1>  pushf
    20                              <1> %ifstr %1
    20                              <1>  mov al, %1
    20                              <1> %elifnum %1
    20 000000B3 B00A                <1>  mov al, %1
    20                              <1> %elifidni %1,al
    20                              <1>  nop
    20                              <1> %elifidni %1,ah
    20                              <1>  mov al, ah
    20                              <1> %elifidni %1,bl
    20                              <1>  mov al, bl
    20                              <1> %elifidni %1,bh
    20                              <1>  mov al, bh
    20                              <1> %elifidni %1,cl
    20                              <1>  mov al, cl
    20                              <1> %elifidni %1,ch
    20                              <1>  mov al, ch
    20                              <1> %elifidni %1,dl
    20                              <1>  mov al, dl
    20                              <1> %elifidni %1,dh
    20                              <1>  mov al, dh
    20                              <1> %else
    20                              <1>  mov al, %1
    20                              <1> %endif
    20 000000B5 83EC02              <1>  sub esp, 2
    20 000000B8 89E7                <1>  mov edi, esp
    20 000000BA 8807                <1>  mov [edi], al
    20                              <1>  _syscall_write 1, edi, 1
    20                              <2>  _syscall_3 4,%1,%2,%3
    20 000000BC 52                  <3>  push edx
    20 000000BD 51                  <3>  push ecx
    20 000000BE 53                  <3>  push ebx
    20 000000BF 6A04                <3>  push %1
    20 000000C1 6A01                <3>  push %2
    20 000000C3 57                  <3>  push %3
    20 000000C4 6A01                <3>  push %4
    20 000000C6 5A                  <3>  pop edx
    20 000000C7 59                  <3>  pop ecx
    20 000000C8 5B                  <3>  pop ebx
    20 000000C9 58                  <3>  pop eax
    20 000000CA CD80                <3>  int 0x80
    20 000000CC 5B                  <3>  pop ebx
    20 000000CD 59                  <3>  pop ecx
    20 000000CE 5A                  <3>  pop edx
    20 000000CF 83C402              <1>  add esp, 2
    20 000000D2 9D                  <1>  popf
    20 000000D3 61                  <1>  popa
    21                                  FINISH
    21                              <1>  _syscall_exit %1
    21 000000D4 BB00000000          <2>  mov ebx, %1
    21 000000D9 B801000000          <2>  mov eax, 1
    21 000000DE CD80                <2>  int 0x80
    22 000000E0 7000                    s: jo p
    23 000000E2 6683C600                p: add si, 0
    24 000000E6 E92CFFFFFF              jmp u
    25                                  
