     1                                  %include "st_io.inc"
     1                              <1> ;; File stud_io.inc for Linux O.S.
     2                              <1> ;; Copyright (c) Andrey Vikt. Stolyarov, 2009.
     3                              <1> ;; I, the author, hereby grant everyone the right to use this
     4                              <1> ;; file for any purpose, in any manner, in it's original or
     5                              <1> ;; modified form, provided that any modified versions are
     6                              <1> ;; clearly marked as such.
     7                              <1> ;; file changed, macros added (by Divari I.N.,
     8                              <1> ;; Department of computer science, MIPT, 2019-2020) 
     9                              <1> 
    10                              <1> ;;;;;;;;;;;;;;;;;;;;;;;;;;;;;;;;;;;;;;;;;;;;;;;;;;;;;;;;;;;;;;;;;
    11                              <1> ;; system dependend part
    12                              <1> 
    13                              <1> ; generic 3-param syscall
    14                              <1> %macro _syscall_3 4
    15                              <1> 	push edx
    16                              <1> 	push ecx
    17                              <1> 	push ebx ; it is senseless to save eax as it holds the return
    18                              <1> 	push %1
    19                              <1> 	push %2
    20                              <1> 	push %3
    21                              <1> 	push %4
    22                              <1> 	pop edx
    23                              <1> 	pop ecx
    24                              <1> 	pop ebx
    25                              <1> 	pop eax 
    26                              <1> 	int 0x80
    27                              <1> 	pop ebx
    28                              <1> 	pop ecx
    29                              <1> 	pop edx
    30                              <1> %endmacro
    31                              <1> 
    32                              <1> ; syscall_exit is the only syscall we use that has 1 parameter
    33                              <1> %macro _syscall_exit 1
    34                              <1> 	mov ebx, %1	; exit code
    35                              <1> 	mov eax, 1	; 1 = sys_exit
    36                              <1> 	int 0x80
    37                              <1> %endmacro
    38                              <1> 
    39                              <1> ;; system dependent part ends here
    40                              <1> ;;;;;;;;;;;;;;;;;;;;;;;;;;;;;;;;;;;;;;;;;;;;;;;;;;;;;;;;;;;;;;;;;
    41                              <1> 
    42                              <1> ; %1: descriptor   %2: buffer addr   %3: buffer length 
    43                              <1> ; output: eax: read bytes
    44                              <1> %macro _syscall_read 3
    45                              <1> 	_syscall_3 3,%1,%2,%3
    46                              <1> %endmacro
    47                              <1> 
    48                              <1> ; %1: descriptor   %2: buffer addr   %3: buffer length 
    49                              <1> ; output: eax: written bytes
    50                              <1> %macro _syscall_write 3
    51                              <1> 	_syscall_3 4,%1,%2,%3
    52                              <1> %endmacro
    53                              <1> 
    54                              <1> ;;;;;;;;;;;;;;;;;;;;;;;;;;;;;;;;;;
    55                              <1> %macro 	PRINT 1
    56                              <1> 	pusha
    57                              <1> 	pushf
    58                              <1> 	jmp %%astr
    59                              <1> %%str	db	%1, 0
    60                              <1> %%strln	equ	$-%%str
    61                              <1> %%astr:	_syscall_write 1, %%str, %%strln
    62                              <1> 	popf
    63                              <1> 	popa
    64                              <1> %endmacro
    65                              <1> 
    66                              <1> ;;;;;;;;;;;;;;;;;;;;;;;;;;;;;;;;;;
    67                              <1> %macro	PUTCHAR 1
    68                              <1> 	pusha
    69                              <1> 	pushf
    70                              <1> %ifstr %1
    71                              <1> 	mov	al, %1
    72                              <1> %elifnum %1
    73                              <1> 	mov	al, %1
    74                              <1> %elifidni %1,al
    75                              <1> 	nop
    76                              <1> %elifidni %1,ah
    77                              <1> 	mov	al, ah
    78                              <1> %elifidni %1,bl
    79                              <1> 	mov	al, bl
    80                              <1> %elifidni %1,bh
    81                              <1> 	mov	al, bh
    82                              <1> %elifidni %1,cl
    83                              <1> 	mov	al, cl
    84                              <1> %elifidni %1,ch
    85                              <1> 	mov	al, ch
    86                              <1> %elifidni %1,dl
    87                              <1> 	mov	al, dl
    88                              <1> %elifidni %1,dh
    89                              <1> 	mov	al, dh
    90                              <1> %else
    91                              <1> 	mov	al, %1  ; let's hope it is a memory location such as [var]
    92                              <1> %endif
    93                              <1> 	sub	esp, 2  ; reserve memory for buffer
    94                              <1> 	mov	edi, esp
    95                              <1> 	mov	[edi], al
    96                              <1> 	_syscall_write 1, edi, 1
    97                              <1> 	add	esp, 2
    98                              <1> 	popf
    99                              <1> 	popa
   100                              <1> %endmacro
   101                              <1> 
   102                              <1> ;;;;;;;;;;;;;;;;;;;;;;;;;;;;;;;;;;
   103                              <1> %macro	GETCHAR 0
   104                              <1> 	pushf
   105                              <1> 	push	edi
   106                              <1> 	sub	esp, 2
   107                              <1> 	mov	edi, esp
   108                              <1> 	_syscall_read 0, edi, 1
   109                              <1> 	cmp	eax, 1
   110                              <1> 	jne	%%eof_reached
   111                              <1> 	xor	eax,eax
   112                              <1> 	mov	al, [edi]
   113                              <1> 	jmp	%%gcquit
   114                              <1> %%eof_reached:
   115                              <1> 	xor	eax, eax
   116                              <1> 	not	eax 		; eax := -1
   117                              <1> %%gcquit:
   118                              <1> 	add	esp, 2
   119                              <1> 	pop	edi
   120                              <1> 	popf
   121                              <1> %endmacro
   122                              <1> 
   123                              <1> ;;;;;;;;;;;;;;;;;;;;;;;;;;;;;;;;;;
   124                              <1> %macro FINISH 0-1 0
   125                              <1> 	_syscall_exit %1
   126                              <1> %endmacro
   127                              <1> ;;;;;;;;;;;;;;;;;;;;;;;;;;;;;;;;;
   128                              <1> %macro UNSINT 1
   129                              <1> pusha
   130                              <1> pushf
   131                              <1> push dword %1
   132                              <1> pop eax
   133                              <1> mov edi,eax
   134                              <1> mov esi,10
   135                              <1>   xor ebx,ebx
   136                              <1> %%m1:
   137                              <1>    xor edx,edx
   138                              <1>    div esi
   139                              <1>    inc ebx
   140                              <1>    cmp eax,0
   141                              <1>    jne %%m1
   142                              <1>     
   143                              <1>    mov eax,1
   144                              <1>    mov ecx,ebx
   145                              <1>    dec ecx
   146                              <1> ;;;;;;;;;;;;;;;;;;;;;;;;;;;;;;
   147                              <1>     cmp ecx,0
   148                              <1>      je %%m4
   149                              <1> %%m2:  mul esi
   150                              <1>        loop %%m2
   151                              <1> 
   152                              <1>        mov ebx,eax
   153                              <1> 
   154                              <1> %%m3:       
   155                              <1>       mov eax,edi 
   156                              <1>       xor edx,edx 
   157                              <1>       div ebx
   158                              <1>       add al,'0'
   159                              <1>       PUTCHAR al
   160                              <1>       mov edi,edx
   161                              <1>       xor edx,edx
   162                              <1>       mov eax,ebx
   163                              <1>       div esi
   164                              <1>       cmp eax,1
   165                              <1>       je %%m4
   166                              <1>       mov ebx,eax
   167                              <1>       jmp %%m3
   168                              <1>  %%m4:      
   169                              <1>       mov edx,edi
   170                              <1>       add dl,'0'
   171                              <1>       PUTCHAR dl
   172                              <1>        
   173                              <1>   
   174                              <1> popf
   175                              <1> popa
   176                              <1> %endmacro
   177                              <1> ;;;;;;;;;;;;;;;;;;;;;;;;;;;;;;;;
   178                              <1> %macro SIGNINT 1
   179                              <1> pusha
   180                              <1> pushf
   181                              <1> push dword %1
   182                              <1> pop eax
   183                              <1>     cmp eax,0
   184                              <1>     jge %%m5
   185                              <1>     PUTCHAR '-'
   186                              <1>     neg eax
   187                              <1> %%m5:
   188                              <1>       UNSINT eax
   189                              <1> popf
   190                              <1> popa
   191                              <1> %endmacro
   192                              <1> ;;;;;;;;;;;;;;;;;;;;;;;;;;;;;;;;;;;;;;;;;;;;
   193                              <1> %macro GETUN 1
   194                              <1> pushad
   195                              <1> pushfd
   196                              <1> ;;;;;;;;;;;;;;;;;;;;;;
   197                              <1> xor edi,edi
   198                              <1> xor esi,esi
   199                              <1> %%m1:
   200                              <1> GETCHAR
   201                              <1> cmp al,0xA
   202                              <1> je %%m2
   203                              <1> cmp al,'0'
   204                              <1> jb %%m_err
   205                              <1> cmp al,'9'
   206                              <1> ja %%m_err
   207                              <1> inc edi
   208                              <1> xor ecx,ecx
   209                              <1> mov cl,al
   210                              <1> mov eax,esi
   211                              <1> mov ebx,10
   212                              <1> mul ebx
   213                              <1> sub cl,48
   214                              <1> add eax,ecx
   215                              <1> jc %%m3
   216                              <1> mov esi,eax
   217                              <1> jmp %%m1
   218                              <1> %%m2: 
   219                              <1> cmp edi,0
   220                              <1> je %%m1
   221                              <1> jmp %%m4
   222                              <1> %%m3: PRINT "too big number"
   223                              <1> PUTCHAR 10
   224                              <1> jmp %%m4
   225                              <1> %%m_err: PRINT "ERROR!!!"
   226                              <1> PUTCHAR 0xa
   227                              <1> %%m4:
   228                              <1> ;;;;;;;;;;;;;;;;;;
   229                              <1> push esi
   230                              <1> add esp,4
   231                              <1> popfd
   232                              <1> popad
   233                              <1> sub esp,40
   234                              <1> pop dword %1
   235                              <1> add esp,36
   236                              <1> %endmacro
   237                              <1> ;;;;;;;;;;;;;;;;;;;;;;;;;;;;;;;;;;;;;;;;;;;;
   238                              <1> %macro GETSIG 1
   239                              <1> pushad
   240                              <1> pushfd
   241                              <1> ;;;;;;;;;;;;;;;;;;;;;;;;;;;;;;;;;
   242                              <1> xor edi,edi
   243                              <1> xor esi,esi
   244                              <1> mov ebx,10
   245                              <1> %%m_st1: GETCHAR
   246                              <1> cmp al,0xa
   247                              <1> je %%m_st1
   248                              <1> cmp al,'-'
   249                              <1> jne %%s1
   250                              <1> mov ebx,-10
   251                              <1> push ebx
   252                              <1> GETCHAR
   253                              <1> cmp al,0xa
   254                              <1> je %%m_err
   255                              <1> jmp %%m_st21
   256                              <1> %%s1: push ebx 
   257                              <1> cmp al,'+'
   258                              <1> jne %%m_st21
   259                              <1> GETCHAR 
   260                              <1> cmp al,0xa
   261                              <1> je %%m_err
   262                              <1> jmp %%m_st21
   263                              <1> %%m_st2: GETCHAR
   264                              <1> %%m_st21:  cmp al,0xa
   265                              <1> je %%pr_end
   266                              <1> cmp al,'0'
   267                              <1> jb %%m_err
   268                              <1> cmp al,'9'
   269                              <1> ja %%m_err
   270                              <1> inc edi
   271                              <1> xor ecx,ecx
   272                              <1> mov cl,al
   273                              <1> mov eax,esi
   274                              <1> imul ebx
   275                              <1> sub cl,48
   276                              <1> cmp dword[esp],-10
   277                              <1> je %%j_s
   278                              <1> add eax,ecx
   279                              <1> jmp %%j_per
   280                              <1> %%j_s: sub eax,ecx
   281                              <1> %%j_per: jo %%m_b
   282                              <1> mov esi,eax
   283                              <1> cmp dword[esp],-10
   284                              <1> jne %%m_st2
   285                              <1> neg esi
   286                              <1> jmp %%m_st2
   287                              <1> %%pr_end:  cmp edi,0
   288                              <1> je %%m_st2
   289                              <1> jmp %%m_k
   290                              <1> ;;;;;;;;;
   291                              <1> %%m_err: pop ebx 
   292                              <1> PRINT "ERROR"
   293                              <1> PUTCHAR 0xa
   294                              <1> jmp %%m_end
   295                              <1> %%m_b: pop ebx 
   296                              <1> cmp ebx,-10
   297                              <1> je  %%m_l
   298                              <1> PRINT "too big"
   299                              <1> PUTCHAR 0xa
   300                              <1> jmp %%m_end
   301                              <1> %%m_l: PRINT "too less"
   302                              <1> PUTCHAR 0xa
   303                              <1> jmp %%m_end
   304                              <1> %%m_k: pop ebx
   305                              <1> cmp ebx,-10
   306                              <1> jne %%m_p
   307                              <1> neg esi 
   308                              <1> %%m_p: 
   309                              <1> 
   310                              <1> ;;;;;;;;;;;;;;;;;;;;;;;;;;;;;;;;;
   311                              <1> 
   312                              <1> push esi
   313                              <1> add esp,4
   314                              <1> popfd
   315                              <1> popad
   316                              <1> sub esp,40
   317                              <1> pop dword %1
   318                              <1> add esp,36
   319                              <1> jmp %%mm_e
   320                              <1> %%m_end:
   321                              <1> popfd
   322                              <1> popad
   323                              <1> %%mm_e:
   324                              <1> %endmacro
   325                              <1> 
   326                              <1> 
   327                              <1> 
   328                              <1> 
     2                                  global _start
     3                                  section .data
     4 00000000 713139663132333464-     s db "q19f1234df"
     4 00000009 66                 
     5                                  section .text
     6                                  _start:
     7                                  
     8 00000000 B001                    mov al, 1
     9                                  mov bl, a
     9          ******************       error: symbol `a' undefined
    10                                  UNSINT eax
    10 00000002 60                  <1> pusha
    10 00000003 9C                  <1> pushf
    10 00000004 50                  <1> push dword %1
    10 00000005 58                  <1> pop eax
    10 00000006 89C7                <1> mov edi,eax
    10 00000008 BE0A000000          <1> mov esi,10
    10 0000000D 31DB                <1>  xor ebx,ebx
    10                              <1> %%m1:
    10 0000000F 31D2                <1>  xor edx,edx
    10 00000011 F7F6                <1>  div esi
    10 00000013 43                  <1>  inc ebx
    10 00000014 83F800              <1>  cmp eax,0
    10 00000017 75F6                <1>  jne %%m1
    10                              <1> 
    10 00000019 B801000000          <1>  mov eax,1
    10 0000001E 89D9                <1>  mov ecx,ebx
    10 00000020 49                  <1>  dec ecx
    10                              <1> 
    10 00000021 83F900              <1>  cmp ecx,0
    10 00000024 7443                <1>  je %%m4
    10 00000026 F7E6                <1> %%m2: mul esi
    10 00000028 E2FC                <1>  loop %%m2
    10                              <1> 
    10 0000002A 89C3                <1>  mov ebx,eax
    10                              <1> 
    10                              <1> %%m3:
    10 0000002C 89F8                <1>  mov eax,edi
    10 0000002E 31D2                <1>  xor edx,edx
    10 00000030 F7F3                <1>  div ebx
    10 00000032 0430                <1>  add al,'0'
    10                              <1>  PUTCHAR al
    10 00000034 60                  <2>  pusha
    10 00000035 9C                  <2>  pushf
    10                              <2> %ifstr %1
    10                              <2>  mov al, %1
    10                              <2> %elifnum %1
    10                              <2>  mov al, %1
    10                              <2> %elifidni %1,al
    10 00000036 90                  <2>  nop
    10                              <2> %elifidni %1,ah
    10                              <2>  mov al, ah
    10                              <2> %elifidni %1,bl
    10                              <2>  mov al, bl
    10                              <2> %elifidni %1,bh
    10                              <2>  mov al, bh
    10                              <2> %elifidni %1,cl
    10                              <2>  mov al, cl
    10                              <2> %elifidni %1,ch
    10                              <2>  mov al, ch
    10                              <2> %elifidni %1,dl
    10                              <2>  mov al, dl
    10                              <2> %elifidni %1,dh
    10                              <2>  mov al, dh
    10                              <2> %else
    10                              <2>  mov al, %1
    10                              <2> %endif
    10 00000037 83EC02              <2>  sub esp, 2
    10 0000003A 89E7                <2>  mov edi, esp
    10 0000003C 8807                <2>  mov [edi], al
    10                              <2>  _syscall_write 1, edi, 1
    10                              <3>  _syscall_3 4,%1,%2,%3
    10 0000003E 52                  <4>  push edx
    10 0000003F 51                  <4>  push ecx
    10 00000040 53                  <4>  push ebx
    10 00000041 6A04                <4>  push %1
    10 00000043 6A01                <4>  push %2
    10 00000045 57                  <4>  push %3
    10 00000046 6A01                <4>  push %4
    10 00000048 5A                  <4>  pop edx
    10 00000049 59                  <4>  pop ecx
    10 0000004A 5B                  <4>  pop ebx
    10 0000004B 58                  <4>  pop eax
    10 0000004C CD80                <4>  int 0x80
    10 0000004E 5B                  <4>  pop ebx
    10 0000004F 59                  <4>  pop ecx
    10 00000050 5A                  <4>  pop edx
    10 00000051 83C402              <2>  add esp, 2
    10 00000054 9D                  <2>  popf
    10 00000055 61                  <2>  popa
    10 00000056 89D7                <1>  mov edi,edx
    10 00000058 31D2                <1>  xor edx,edx
    10 0000005A 89D8                <1>  mov eax,ebx
    10 0000005C F7F6                <1>  div esi
    10 0000005E 83F801              <1>  cmp eax,1
    10 00000061 7406                <1>  je %%m4
    10 00000063 89C3                <1>  mov ebx,eax
    10 00000065 EBC5                <1>  jmp %%m3
    10                              <1>  %%m4:
    10 00000067 89FA                <1>  mov edx,edi
    10 00000069 80C230              <1>  add dl,'0'
    10                              <1>  PUTCHAR dl
    10 0000006C 60                  <2>  pusha
    10 0000006D 9C                  <2>  pushf
    10                              <2> %ifstr %1
    10                              <2>  mov al, %1
    10                              <2> %elifnum %1
    10                              <2>  mov al, %1
    10                              <2> %elifidni %1,al
    10                              <2>  nop
    10                              <2> %elifidni %1,ah
    10                              <2>  mov al, ah
    10                              <2> %elifidni %1,bl
    10                              <2>  mov al, bl
    10                              <2> %elifidni %1,bh
    10                              <2>  mov al, bh
    10                              <2> %elifidni %1,cl
    10                              <2>  mov al, cl
    10                              <2> %elifidni %1,ch
    10                              <2>  mov al, ch
    10                              <2> %elifidni %1,dl
    10 0000006E 88D0                <2>  mov al, dl
    10                              <2> %elifidni %1,dh
    10                              <2>  mov al, dh
    10                              <2> %else
    10                              <2>  mov al, %1
    10                              <2> %endif
    10 00000070 83EC02              <2>  sub esp, 2
    10 00000073 89E7                <2>  mov edi, esp
    10 00000075 8807                <2>  mov [edi], al
    10                              <2>  _syscall_write 1, edi, 1
    10                              <3>  _syscall_3 4,%1,%2,%3
    10 00000077 52                  <4>  push edx
    10 00000078 51                  <4>  push ecx
    10 00000079 53                  <4>  push ebx
    10 0000007A 6A04                <4>  push %1
    10 0000007C 6A01                <4>  push %2
    10 0000007E 57                  <4>  push %3
    10 0000007F 6A01                <4>  push %4
    10 00000081 5A                  <4>  pop edx
    10 00000082 59                  <4>  pop ecx
    10 00000083 5B                  <4>  pop ebx
    10 00000084 58                  <4>  pop eax
    10 00000085 CD80                <4>  int 0x80
    10 00000087 5B                  <4>  pop ebx
    10 00000088 59                  <4>  pop ecx
    10 00000089 5A                  <4>  pop edx
    10 0000008A 83C402              <2>  add esp, 2
    10 0000008D 9D                  <2>  popf
    10 0000008E 61                  <2>  popa
    10                              <1> 
    10                              <1> 
    10 0000008F 9D                  <1> popf
    10 00000090 61                  <1> popa
    11                                  UNSINT ebx
    11 00000091 60                  <1> pusha
    11 00000092 9C                  <1> pushf
    11 00000093 53                  <1> push dword %1
    11 00000094 58                  <1> pop eax
    11 00000095 89C7                <1> mov edi,eax
    11 00000097 BE0A000000          <1> mov esi,10
    11 0000009C 31DB                <1>  xor ebx,ebx
    11                              <1> %%m1:
    11 0000009E 31D2                <1>  xor edx,edx
    11 000000A0 F7F6                <1>  div esi
    11 000000A2 43                  <1>  inc ebx
    11 000000A3 83F800              <1>  cmp eax,0
    11 000000A6 75F6                <1>  jne %%m1
    11                              <1> 
    11 000000A8 B801000000          <1>  mov eax,1
    11 000000AD 89D9                <1>  mov ecx,ebx
    11 000000AF 49                  <1>  dec ecx
    11                              <1> 
    11 000000B0 83F900              <1>  cmp ecx,0
    11 000000B3 7443                <1>  je %%m4
    11 000000B5 F7E6                <1> %%m2: mul esi
    11 000000B7 E2FC                <1>  loop %%m2
    11                              <1> 
    11 000000B9 89C3                <1>  mov ebx,eax
    11                              <1> 
    11                              <1> %%m3:
    11 000000BB 89F8                <1>  mov eax,edi
    11 000000BD 31D2                <1>  xor edx,edx
    11 000000BF F7F3                <1>  div ebx
    11 000000C1 0430                <1>  add al,'0'
    11                              <1>  PUTCHAR al
    11 000000C3 60                  <2>  pusha
    11 000000C4 9C                  <2>  pushf
    11                              <2> %ifstr %1
    11                              <2>  mov al, %1
    11                              <2> %elifnum %1
    11                              <2>  mov al, %1
    11                              <2> %elifidni %1,al
    11 000000C5 90                  <2>  nop
    11                              <2> %elifidni %1,ah
    11                              <2>  mov al, ah
    11                              <2> %elifidni %1,bl
    11                              <2>  mov al, bl
    11                              <2> %elifidni %1,bh
    11                              <2>  mov al, bh
    11                              <2> %elifidni %1,cl
    11                              <2>  mov al, cl
    11                              <2> %elifidni %1,ch
    11                              <2>  mov al, ch
    11                              <2> %elifidni %1,dl
    11                              <2>  mov al, dl
    11                              <2> %elifidni %1,dh
    11                              <2>  mov al, dh
    11                              <2> %else
    11                              <2>  mov al, %1
    11                              <2> %endif
    11 000000C6 83EC02              <2>  sub esp, 2
    11 000000C9 89E7                <2>  mov edi, esp
    11 000000CB 8807                <2>  mov [edi], al
    11                              <2>  _syscall_write 1, edi, 1
    11                              <3>  _syscall_3 4,%1,%2,%3
    11 000000CD 52                  <4>  push edx
    11 000000CE 51                  <4>  push ecx
    11 000000CF 53                  <4>  push ebx
    11 000000D0 6A04                <4>  push %1
    11 000000D2 6A01                <4>  push %2
    11 000000D4 57                  <4>  push %3
    11 000000D5 6A01                <4>  push %4
    11 000000D7 5A                  <4>  pop edx
    11 000000D8 59                  <4>  pop ecx
    11 000000D9 5B                  <4>  pop ebx
    11 000000DA 58                  <4>  pop eax
    11 000000DB CD80                <4>  int 0x80
    11 000000DD 5B                  <4>  pop ebx
    11 000000DE 59                  <4>  pop ecx
    11 000000DF 5A                  <4>  pop edx
    11 000000E0 83C402              <2>  add esp, 2
    11 000000E3 9D                  <2>  popf
    11 000000E4 61                  <2>  popa
    11 000000E5 89D7                <1>  mov edi,edx
    11 000000E7 31D2                <1>  xor edx,edx
    11 000000E9 89D8                <1>  mov eax,ebx
    11 000000EB F7F6                <1>  div esi
    11 000000ED 83F801              <1>  cmp eax,1
    11 000000F0 7406                <1>  je %%m4
    11 000000F2 89C3                <1>  mov ebx,eax
    11 000000F4 EBC5                <1>  jmp %%m3
    11                              <1>  %%m4:
    11 000000F6 89FA                <1>  mov edx,edi
    11 000000F8 80C230              <1>  add dl,'0'
    11                              <1>  PUTCHAR dl
    11 000000FB 60                  <2>  pusha
    11 000000FC 9C                  <2>  pushf
    11                              <2> %ifstr %1
    11                              <2>  mov al, %1
    11                              <2> %elifnum %1
    11                              <2>  mov al, %1
    11                              <2> %elifidni %1,al
    11                              <2>  nop
    11                              <2> %elifidni %1,ah
    11                              <2>  mov al, ah
    11                              <2> %elifidni %1,bl
    11                              <2>  mov al, bl
    11                              <2> %elifidni %1,bh
    11                              <2>  mov al, bh
    11                              <2> %elifidni %1,cl
    11                              <2>  mov al, cl
    11                              <2> %elifidni %1,ch
    11                              <2>  mov al, ch
    11                              <2> %elifidni %1,dl
    11 000000FD 88D0                <2>  mov al, dl
    11                              <2> %elifidni %1,dh
    11                              <2>  mov al, dh
    11                              <2> %else
    11                              <2>  mov al, %1
    11                              <2> %endif
    11 000000FF 83EC02              <2>  sub esp, 2
    11 00000102 89E7                <2>  mov edi, esp
    11 00000104 8807                <2>  mov [edi], al
    11                              <2>  _syscall_write 1, edi, 1
    11                              <3>  _syscall_3 4,%1,%2,%3
    11 00000106 52                  <4>  push edx
    11 00000107 51                  <4>  push ecx
    11 00000108 53                  <4>  push ebx
    11 00000109 6A04                <4>  push %1
    11 0000010B 6A01                <4>  push %2
    11 0000010D 57                  <4>  push %3
    11 0000010E 6A01                <4>  push %4
    11 00000110 5A                  <4>  pop edx
    11 00000111 59                  <4>  pop ecx
    11 00000112 5B                  <4>  pop ebx
    11 00000113 58                  <4>  pop eax
    11 00000114 CD80                <4>  int 0x80
    11 00000116 5B                  <4>  pop ebx
    11 00000117 59                  <4>  pop ecx
    11 00000118 5A                  <4>  pop edx
    11 00000119 83C402              <2>  add esp, 2
    11 0000011C 9D                  <2>  popf
    11 0000011D 61                  <2>  popa
    11                              <1> 
    11                              <1> 
    11 0000011E 9D                  <1> popf
    11 0000011F 61                  <1> popa
    12                                  
    13                                  
    14                                  
    15                                  PUTCHAR 0xA
    15 00000120 60                  <1>  pusha
    15 00000121 9C                  <1>  pushf
    15                              <1> %ifstr %1
    15                              <1>  mov al, %1
    15                              <1> %elifnum %1
    15 00000122 B00A                <1>  mov al, %1
    15                              <1> %elifidni %1,al
    15                              <1>  nop
    15                              <1> %elifidni %1,ah
    15                              <1>  mov al, ah
    15                              <1> %elifidni %1,bl
    15                              <1>  mov al, bl
    15                              <1> %elifidni %1,bh
    15                              <1>  mov al, bh
    15                              <1> %elifidni %1,cl
    15                              <1>  mov al, cl
    15                              <1> %elifidni %1,ch
    15                              <1>  mov al, ch
    15                              <1> %elifidni %1,dl
    15                              <1>  mov al, dl
    15                              <1> %elifidni %1,dh
    15                              <1>  mov al, dh
    15                              <1> %else
    15                              <1>  mov al, %1
    15                              <1> %endif
    15 00000124 83EC02              <1>  sub esp, 2
    15 00000127 89E7                <1>  mov edi, esp
    15 00000129 8807                <1>  mov [edi], al
    15                              <1>  _syscall_write 1, edi, 1
    15                              <2>  _syscall_3 4,%1,%2,%3
    15 0000012B 52                  <3>  push edx
    15 0000012C 51                  <3>  push ecx
    15 0000012D 53                  <3>  push ebx
    15 0000012E 6A04                <3>  push %1
    15 00000130 6A01                <3>  push %2
    15 00000132 57                  <3>  push %3
    15 00000133 6A01                <3>  push %4
    15 00000135 5A                  <3>  pop edx
    15 00000136 59                  <3>  pop ecx
    15 00000137 5B                  <3>  pop ebx
    15 00000138 58                  <3>  pop eax
    15 00000139 CD80                <3>  int 0x80
    15 0000013B 5B                  <3>  pop ebx
    15 0000013C 59                  <3>  pop ecx
    15 0000013D 5A                  <3>  pop edx
    15 0000013E 83C402              <1>  add esp, 2
    15 00000141 9D                  <1>  popf
    15 00000142 61                  <1>  popa
    16                                  FINISH
    16                              <1>  _syscall_exit %1
    16 00000143 BB00000000          <2>  mov ebx, %1
    16 00000148 B801000000          <2>  mov eax, 1
    16 0000014D CD80                <2>  int 0x80
