     1                                  global _start 
     2                                  section .data
     3 00000000 4F4B                    msg db 'OK'
     4                                  section .text
     5                                  _start:
     6                                   
     7 00000000 EB22                    jmp l
     8 00000002 B804000000              s : mov eax, 4
     9 00000007 BB01000000                  mov ebx, 1
    10 0000000C BA02000000                  mov edx, 2
    11 00000011 B9[00000000]                mov ecx, msg
    12 00000016 CD80                        int 0x80
    13                                  
    14 00000018 B801000000              mov eax,1 
    15 0000001D BB00000000              mov ebx, 0
    16 00000022 CD80                    int 0x80
    17                                  
    18 00000024 EBDC                    l: jmp s
    19                                  
    20 00000026 B801000000              mov eax, 1
