     1                                  %include "st_io.inc"
     1                              <1> ;; File stud_io.inc for Linux O.S.
     2                              <1> ;; Copyright (c) Andrey Vikt. Stolyarov, 2009.
     3                              <1> ;; I, the author, hereby grant everyone the right to use this
     4                              <1> ;; file for any purpose, in any manner, in it's original or
     5                              <1> ;; modified form, provided that any modified versions are
     6                              <1> ;; clearly marked as such.
     7                              <1> ;; file changed, macros added (by Divari I.N.,
     8                              <1> ;; Department of computer science, MIPT, 2019-2020) 
     9                              <1> 
    10                              <1> ;;;;;;;;;;;;;;;;;;;;;;;;;;;;;;;;;;;;;;;;;;;;;;;;;;;;;;;;;;;;;;;;;
    11                              <1> ;; system dependend part
    12                              <1> 
    13                              <1> ; generic 3-param syscall
    14                              <1> %macro _syscall_3 4
    15                              <1> 	push edx
    16                              <1> 	push ecx
    17                              <1> 	push ebx ; it is senseless to save eax as it holds the return
    18                              <1> 	push %1
    19                              <1> 	push %2
    20                              <1> 	push %3
    21                              <1> 	push %4
    22                              <1> 	pop edx
    23                              <1> 	pop ecx
    24                              <1> 	pop ebx
    25                              <1> 	pop eax 
    26                              <1> 	int 0x80
    27                              <1> 	pop ebx
    28                              <1> 	pop ecx
    29                              <1> 	pop edx
    30                              <1> %endmacro
    31                              <1> 
    32                              <1> ; syscall_exit is the only syscall we use that has 1 parameter
    33                              <1> %macro _syscall_exit 1
    34                              <1> 	mov ebx, %1	; exit code
    35                              <1> 	mov eax, 1	; 1 = sys_exit
    36                              <1> 	int 0x80
    37                              <1> %endmacro
    38                              <1> 
    39                              <1> ;; system dependent part ends here
    40                              <1> ;;;;;;;;;;;;;;;;;;;;;;;;;;;;;;;;;;;;;;;;;;;;;;;;;;;;;;;;;;;;;;;;;
    41                              <1> 
    42                              <1> ; %1: descriptor   %2: buffer addr   %3: buffer length 
    43                              <1> ; output: eax: read bytes
    44                              <1> %macro _syscall_read 3
    45                              <1> 	_syscall_3 3,%1,%2,%3
    46                              <1> %endmacro
    47                              <1> 
    48                              <1> ; %1: descriptor   %2: buffer addr   %3: buffer length 
    49                              <1> ; output: eax: written bytes
    50                              <1> %macro _syscall_write 3
    51                              <1> 	_syscall_3 4,%1,%2,%3
    52                              <1> %endmacro
    53                              <1> 
    54                              <1> ;;;;;;;;;;;;;;;;;;;;;;;;;;;;;;;;;;
    55                              <1> %macro 	PRINT 1
    56                              <1> 	pusha
    57                              <1> 	pushf
    58                              <1> 	jmp %%astr
    59                              <1> %%str	db	%1, 0
    60                              <1> %%strln	equ	$-%%str
    61                              <1> %%astr:	_syscall_write 1, %%str, %%strln
    62                              <1> 	popf
    63                              <1> 	popa
    64                              <1> %endmacro
    65                              <1> 
    66                              <1> ;;;;;;;;;;;;;;;;;;;;;;;;;;;;;;;;;;
    67                              <1> %macro	PUTCHAR 1
    68                              <1> 	pusha
    69                              <1> 	pushf
    70                              <1> %ifstr %1
    71                              <1> 	mov	al, %1
    72                              <1> %elifnum %1
    73                              <1> 	mov	al, %1
    74                              <1> %elifidni %1,al
    75                              <1> 	nop
    76                              <1> %elifidni %1,ah
    77                              <1> 	mov	al, ah
    78                              <1> %elifidni %1,bl
    79                              <1> 	mov	al, bl
    80                              <1> %elifidni %1,bh
    81                              <1> 	mov	al, bh
    82                              <1> %elifidni %1,cl
    83                              <1> 	mov	al, cl
    84                              <1> %elifidni %1,ch
    85                              <1> 	mov	al, ch
    86                              <1> %elifidni %1,dl
    87                              <1> 	mov	al, dl
    88                              <1> %elifidni %1,dh
    89                              <1> 	mov	al, dh
    90                              <1> %else
    91                              <1> 	mov	al, %1  ; let's hope it is a memory location such as [var]
    92                              <1> %endif
    93                              <1> 	sub	esp, 2  ; reserve memory for buffer
    94                              <1> 	mov	edi, esp
    95                              <1> 	mov	[edi], al
    96                              <1> 	_syscall_write 1, edi, 1
    97                              <1> 	add	esp, 2
    98                              <1> 	popf
    99                              <1> 	popa
   100                              <1> %endmacro
   101                              <1> 
   102                              <1> ;;;;;;;;;;;;;;;;;;;;;;;;;;;;;;;;;;
   103                              <1> %macro	GETCHAR 0
   104                              <1> 	pushf
   105                              <1> 	push	edi
   106                              <1> 	sub	esp, 2
   107                              <1> 	mov	edi, esp
   108                              <1> 	_syscall_read 0, edi, 1
   109                              <1> 	cmp	eax, 1
   110                              <1> 	jne	%%eof_reached
   111                              <1> 	xor	eax,eax
   112                              <1> 	mov	al, [edi]
   113                              <1> 	jmp	%%gcquit
   114                              <1> %%eof_reached:
   115                              <1> 	xor	eax, eax
   116                              <1> 	not	eax 		; eax := -1
   117                              <1> %%gcquit:
   118                              <1> 	add	esp, 2
   119                              <1> 	pop	edi
   120                              <1> 	popf
   121                              <1> %endmacro
   122                              <1> 
   123                              <1> ;;;;;;;;;;;;;;;;;;;;;;;;;;;;;;;;;;
   124                              <1> %macro FINISH 0-1 0
   125                              <1> 	_syscall_exit %1
   126                              <1> %endmacro
   127                              <1> ;;;;;;;;;;;;;;;;;;;;;;;;;;;;;;;;;
   128                              <1> %macro UNSINT 1
   129                              <1> pusha
   130                              <1> pushf
   131                              <1> push dword %1
   132                              <1> pop eax
   133                              <1> mov edi,eax
   134                              <1> mov esi,10
   135                              <1>   xor ebx,ebx
   136                              <1> %%m1:
   137                              <1>    xor edx,edx
   138                              <1>    div esi
   139                              <1>    inc ebx
   140                              <1>    cmp eax,0
   141                              <1>    jne %%m1
   142                              <1>     
   143                              <1>    mov eax,1
   144                              <1>    mov ecx,ebx
   145                              <1>    dec ecx
   146                              <1> ;;;;;;;;;;;;;;;;;;;;;;;;;;;;;;
   147                              <1>     cmp ecx,0
   148                              <1>      je %%m4
   149                              <1> %%m2:  mul esi
   150                              <1>        loop %%m2
   151                              <1> 
   152                              <1>        mov ebx,eax
   153                              <1> 
   154                              <1> %%m3:       
   155                              <1>       mov eax,edi 
   156                              <1>       xor edx,edx 
   157                              <1>       div ebx
   158                              <1>       add al,'0'
   159                              <1>       PUTCHAR al
   160                              <1>       mov edi,edx
   161                              <1>       xor edx,edx
   162                              <1>       mov eax,ebx
   163                              <1>       div esi
   164                              <1>       cmp eax,1
   165                              <1>       je %%m4
   166                              <1>       mov ebx,eax
   167                              <1>       jmp %%m3
   168                              <1>  %%m4:      
   169                              <1>       mov edx,edi
   170                              <1>       add dl,'0'
   171                              <1>       PUTCHAR dl
   172                              <1>        
   173                              <1>   
   174                              <1> popf
   175                              <1> popa
   176                              <1> %endmacro
   177                              <1> ;;;;;;;;;;;;;;;;;;;;;;;;;;;;;;;;
   178                              <1> %macro SIGNINT 1
   179                              <1> pusha
   180                              <1> pushf
   181                              <1> push dword %1
   182                              <1> pop eax
   183                              <1>     cmp eax,0
   184                              <1>     jge %%m5
   185                              <1>     PUTCHAR '-'
   186                              <1>     neg eax
   187                              <1> %%m5:
   188                              <1>       UNSINT eax
   189                              <1> popf
   190                              <1> popa
   191                              <1> %endmacro
   192                              <1> ;;;;;;;;;;;;;;;;;;;;;;;;;;;;;;;;;;;;;;;;;;;;
   193                              <1> %macro GETUN 1
   194                              <1> pushad
   195                              <1> pushfd
   196                              <1> ;;;;;;;;;;;;;;;;;;;;;;
   197                              <1> xor edi,edi
   198                              <1> xor esi,esi
   199                              <1> %%m1:
   200                              <1> GETCHAR
   201                              <1> cmp al,0xA
   202                              <1> je %%m2
   203                              <1> cmp al,'0'
   204                              <1> jb %%m_err
   205                              <1> cmp al,'9'
   206                              <1> ja %%m_err
   207                              <1> inc edi
   208                              <1> xor ecx,ecx
   209                              <1> mov cl,al
   210                              <1> mov eax,esi
   211                              <1> mov ebx,10
   212                              <1> mul ebx
   213                              <1> sub cl,48
   214                              <1> add eax,ecx
   215                              <1> jc %%m3
   216                              <1> mov esi,eax
   217                              <1> jmp %%m1
   218                              <1> %%m2: 
   219                              <1> cmp edi,0
   220                              <1> je %%m1
   221                              <1> jmp %%m4
   222                              <1> %%m3: PRINT "too big number"
   223                              <1> PUTCHAR 10
   224                              <1> jmp %%m4
   225                              <1> %%m_err: PRINT "ERROR!!!"
   226                              <1> PUTCHAR 0xa
   227                              <1> %%m4:
   228                              <1> ;;;;;;;;;;;;;;;;;;
   229                              <1> push esi
   230                              <1> add esp,4
   231                              <1> popfd
   232                              <1> popad
   233                              <1> sub esp,40
   234                              <1> pop dword %1
   235                              <1> add esp,36
   236                              <1> %endmacro
   237                              <1> ;;;;;;;;;;;;;;;;;;;;;;;;;;;;;;;;;;;;;;;;;;;;
   238                              <1> %macro GETSIG 1
   239                              <1> pushad
   240                              <1> pushfd
   241                              <1> ;;;;;;;;;;;;;;;;;;;;;;;;;;;;;;;;;
   242                              <1> xor edi,edi
   243                              <1> xor esi,esi
   244                              <1> mov ebx,10
   245                              <1> %%m_st1: GETCHAR
   246                              <1> cmp al,0xa
   247                              <1> je %%m_st1
   248                              <1> cmp al,'-'
   249                              <1> jne %%s1
   250                              <1> mov ebx,-10
   251                              <1> push ebx
   252                              <1> GETCHAR
   253                              <1> cmp al,0xa
   254                              <1> je %%m_err
   255                              <1> jmp %%m_st21
   256                              <1> %%s1: push ebx 
   257                              <1> cmp al,'+'
   258                              <1> jne %%m_st21
   259                              <1> GETCHAR 
   260                              <1> cmp al,0xa
   261                              <1> je %%m_err
   262                              <1> jmp %%m_st21
   263                              <1> %%m_st2: GETCHAR
   264                              <1> %%m_st21:  cmp al,0xa
   265                              <1> je %%pr_end
   266                              <1> cmp al,'0'
   267                              <1> jb %%m_err
   268                              <1> cmp al,'9'
   269                              <1> ja %%m_err
   270                              <1> inc edi
   271                              <1> xor ecx,ecx
   272                              <1> mov cl,al
   273                              <1> mov eax,esi
   274                              <1> imul ebx
   275                              <1> sub cl,48
   276                              <1> cmp dword[esp],-10
   277                              <1> je %%j_s
   278                              <1> add eax,ecx
   279                              <1> jmp %%j_per
   280                              <1> %%j_s: sub eax,ecx
   281                              <1> %%j_per: jo %%m_b
   282                              <1> mov esi,eax
   283                              <1> cmp dword[esp],-10
   284                              <1> jne %%m_st2
   285                              <1> neg esi
   286                              <1> jmp %%m_st2
   287                              <1> %%pr_end:  cmp edi,0
   288                              <1> je %%m_st2
   289                              <1> jmp %%m_k
   290                              <1> ;;;;;;;;;
   291                              <1> %%m_err: pop ebx 
   292                              <1> PRINT "ERROR"
   293                              <1> PUTCHAR 0xa
   294                              <1> jmp %%m_end
   295                              <1> %%m_b: pop ebx 
   296                              <1> cmp ebx,-10
   297                              <1> je  %%m_l
   298                              <1> PRINT "too big"
   299                              <1> PUTCHAR 0xa
   300                              <1> jmp %%m_end
   301                              <1> %%m_l: PRINT "too less"
   302                              <1> PUTCHAR 0xa
   303                              <1> jmp %%m_end
   304                              <1> %%m_k: pop ebx
   305                              <1> cmp ebx,-10
   306                              <1> jne %%m_p
   307                              <1> neg esi 
   308                              <1> %%m_p: 
   309                              <1> 
   310                              <1> ;;;;;;;;;;;;;;;;;;;;;;;;;;;;;;;;;
   311                              <1> 
   312                              <1> push esi
   313                              <1> add esp,4
   314                              <1> popfd
   315                              <1> popad
   316                              <1> sub esp,40
   317                              <1> pop dword %1
   318                              <1> add esp,36
   319                              <1> jmp %%mm_e
   320                              <1> %%m_end:
   321                              <1> popfd
   322                              <1> popad
   323                              <1> %%mm_e:
   324                              <1> %endmacro
   325                              <1> 
   326                              <1> 
   327                              <1> 
   328                              <1> 
     2                                  global _start
     3                                  
     4                                  section .data
     5 00000000 0200000002000000FA-     m dd 2,2,-6,-5,-8,3
     5 00000009 FFFFFFFBFFFFFFF8FF-
     5 00000012 FFFF03000000       
     6 00000018 06000000                n dd 6
     7                                  
     8                                  section .text
     9                                  _start:
    10 00000000 68[00000000]            push m
    11 00000005 FF35[18000000]          push dword[n]
    12                                  
    13 0000000B E827010000              call proc
    14                                  
    15 00000010 8B0D[18000000]          mov ecx, [n]
    16 00000016 BE[00000000]            mov esi, m
    17                                  l:
    18 0000001B AD                      lodsd
    19                                  SIGNINT eax
    19 0000001C 60                  <1> pusha
    19 0000001D 9C                  <1> pushf
    19 0000001E 50                  <1> push dword %1
    19 0000001F 58                  <1> pop eax
    19 00000020 83F800              <1>  cmp eax,0
    19 00000023 7D25                <1>  jge %%m5
    19                              <1>  PUTCHAR '-'
    19 00000025 60                  <2>  pusha
    19 00000026 9C                  <2>  pushf
    19                              <2> %ifstr %1
    19 00000027 B02D                <2>  mov al, %1
    19                              <2> %elifnum %1
    19                              <2>  mov al, %1
    19                              <2> %elifidni %1,al
    19                              <2>  nop
    19                              <2> %elifidni %1,ah
    19                              <2>  mov al, ah
    19                              <2> %elifidni %1,bl
    19                              <2>  mov al, bl
    19                              <2> %elifidni %1,bh
    19                              <2>  mov al, bh
    19                              <2> %elifidni %1,cl
    19                              <2>  mov al, cl
    19                              <2> %elifidni %1,ch
    19                              <2>  mov al, ch
    19                              <2> %elifidni %1,dl
    19                              <2>  mov al, dl
    19                              <2> %elifidni %1,dh
    19                              <2>  mov al, dh
    19                              <2> %else
    19                              <2>  mov al, %1
    19                              <2> %endif
    19 00000029 83EC02              <2>  sub esp, 2
    19 0000002C 89E7                <2>  mov edi, esp
    19 0000002E 8807                <2>  mov [edi], al
    19                              <2>  _syscall_write 1, edi, 1
    19                              <3>  _syscall_3 4,%1,%2,%3
    19 00000030 52                  <4>  push edx
    19 00000031 51                  <4>  push ecx
    19 00000032 53                  <4>  push ebx
    19 00000033 6A04                <4>  push %1
    19 00000035 6A01                <4>  push %2
    19 00000037 57                  <4>  push %3
    19 00000038 6A01                <4>  push %4
    19 0000003A 5A                  <4>  pop edx
    19 0000003B 59                  <4>  pop ecx
    19 0000003C 5B                  <4>  pop ebx
    19 0000003D 58                  <4>  pop eax
    19 0000003E CD80                <4>  int 0x80
    19 00000040 5B                  <4>  pop ebx
    19 00000041 59                  <4>  pop ecx
    19 00000042 5A                  <4>  pop edx
    19 00000043 83C402              <2>  add esp, 2
    19 00000046 9D                  <2>  popf
    19 00000047 61                  <2>  popa
    19 00000048 F7D8                <1>  neg eax
    19                              <1> %%m5:
    19                              <1>  UNSINT eax
    19 0000004A 60                  <2> pusha
    19 0000004B 9C                  <2> pushf
    19 0000004C 50                  <2> push dword %1
    19 0000004D 58                  <2> pop eax
    19 0000004E 89C7                <2> mov edi,eax
    19 00000050 BE0A000000          <2> mov esi,10
    19 00000055 31DB                <2>  xor ebx,ebx
    19                              <2> %%m1:
    19 00000057 31D2                <2>  xor edx,edx
    19 00000059 F7F6                <2>  div esi
    19 0000005B 43                  <2>  inc ebx
    19 0000005C 83F800              <2>  cmp eax,0
    19 0000005F 75F6                <2>  jne %%m1
    19                              <2> 
    19 00000061 B801000000          <2>  mov eax,1
    19 00000066 89D9                <2>  mov ecx,ebx
    19 00000068 49                  <2>  dec ecx
    19                              <2> 
    19 00000069 83F900              <2>  cmp ecx,0
    19 0000006C 7441                <2>  je %%m4
    19 0000006E F7E6                <2> %%m2: mul esi
    19 00000070 E2FC                <2>  loop %%m2
    19                              <2> 
    19 00000072 89C3                <2>  mov ebx,eax
    19                              <2> 
    19                              <2> %%m3:
    19 00000074 89F8                <2>  mov eax,edi
    19 00000076 31D2                <2>  xor edx,edx
    19 00000078 F7F3                <2>  div ebx
    19 0000007A 0430                <2>  add al,'0'
    19                              <2>  PUTCHAR al
    19 0000007C 60                  <3>  pusha
    19 0000007D 9C                  <3>  pushf
    19                              <3> %ifstr %1
    19                              <3>  mov al, %1
    19                              <3> %elifnum %1
    19                              <3>  mov al, %1
    19                              <3> %elifidni %1,al
    19 0000007E 90                  <3>  nop
    19                              <3> %elifidni %1,ah
    19                              <3>  mov al, ah
    19                              <3> %elifidni %1,bl
    19                              <3>  mov al, bl
    19                              <3> %elifidni %1,bh
    19                              <3>  mov al, bh
    19                              <3> %elifidni %1,cl
    19                              <3>  mov al, cl
    19                              <3> %elifidni %1,ch
    19                              <3>  mov al, ch
    19                              <3> %elifidni %1,dl
    19                              <3>  mov al, dl
    19                              <3> %elifidni %1,dh
    19                              <3>  mov al, dh
    19                              <3> %else
    19                              <3>  mov al, %1
    19                              <3> %endif
    19 0000007F 83EC02              <3>  sub esp, 2
    19 00000082 89E7                <3>  mov edi, esp
    19 00000084 8807                <3>  mov [edi], al
    19                              <3>  _syscall_write 1, edi, 1
    19                              <4>  _syscall_3 4,%1,%2,%3
    19 00000086 52                  <5>  push edx
    19 00000087 51                  <5>  push ecx
    19 00000088 53                  <5>  push ebx
    19 00000089 6A04                <5>  push %1
    19 0000008B 6A01                <5>  push %2
    19 0000008D 57                  <5>  push %3
    19 0000008E 6A01                <5>  push %4
    19 00000090 5A                  <5>  pop edx
    19 00000091 59                  <5>  pop ecx
    19 00000092 5B                  <5>  pop ebx
    19 00000093 58                  <5>  pop eax
    19 00000094 CD80                <5>  int 0x80
    19 00000096 5B                  <5>  pop ebx
    19 00000097 59                  <5>  pop ecx
    19 00000098 5A                  <5>  pop edx
    19 00000099 83C402              <3>  add esp, 2
    19 0000009C 9D                  <3>  popf
    19 0000009D 61                  <3>  popa
    19 0000009E 89D7                <2>  mov edi,edx
    19 000000A0 31D2                <2>  xor edx,edx
    19 000000A2 89D8                <2>  mov eax,ebx
    19 000000A4 F7F6                <2>  div esi
    19 000000A6 83F801              <2>  cmp eax,1
    19 000000A9 7404                <2>  je %%m4
    19 000000AB 89C3                <2>  mov ebx,eax
    19 000000AD EBC5                <2>  jmp %%m3
    19                              <2>  %%m4:
    19 000000AF 89FA                <2>  mov edx,edi
    19 000000B1 80C230              <2>  add dl,'0'
    19                              <2>  PUTCHAR dl
    19 000000B4 60                  <3>  pusha
    19 000000B5 9C                  <3>  pushf
    19                              <3> %ifstr %1
    19                              <3>  mov al, %1
    19                              <3> %elifnum %1
    19                              <3>  mov al, %1
    19                              <3> %elifidni %1,al
    19                              <3>  nop
    19                              <3> %elifidni %1,ah
    19                              <3>  mov al, ah
    19                              <3> %elifidni %1,bl
    19                              <3>  mov al, bl
    19                              <3> %elifidni %1,bh
    19                              <3>  mov al, bh
    19                              <3> %elifidni %1,cl
    19                              <3>  mov al, cl
    19                              <3> %elifidni %1,ch
    19                              <3>  mov al, ch
    19                              <3> %elifidni %1,dl
    19 000000B6 88D0                <3>  mov al, dl
    19                              <3> %elifidni %1,dh
    19                              <3>  mov al, dh
    19                              <3> %else
    19                              <3>  mov al, %1
    19                              <3> %endif
    19 000000B8 83EC02              <3>  sub esp, 2
    19 000000BB 89E7                <3>  mov edi, esp
    19 000000BD 8807                <3>  mov [edi], al
    19                              <3>  _syscall_write 1, edi, 1
    19                              <4>  _syscall_3 4,%1,%2,%3
    19 000000BF 52                  <5>  push edx
    19 000000C0 51                  <5>  push ecx
    19 000000C1 53                  <5>  push ebx
    19 000000C2 6A04                <5>  push %1
    19 000000C4 6A01                <5>  push %2
    19 000000C6 57                  <5>  push %3
    19 000000C7 6A01                <5>  push %4
    19 000000C9 5A                  <5>  pop edx
    19 000000CA 59                  <5>  pop ecx
    19 000000CB 5B                  <5>  pop ebx
    19 000000CC 58                  <5>  pop eax
    19 000000CD CD80                <5>  int 0x80
    19 000000CF 5B                  <5>  pop ebx
    19 000000D0 59                  <5>  pop ecx
    19 000000D1 5A                  <5>  pop edx
    19 000000D2 83C402              <3>  add esp, 2
    19 000000D5 9D                  <3>  popf
    19 000000D6 61                  <3>  popa
    19                              <2> 
    19                              <2> 
    19 000000D7 9D                  <2> popf
    19 000000D8 61                  <2> popa
    19 000000D9 9D                  <1> popf
    19 000000DA 61                  <1> popa
    20                                  PUTCHAR 0xA
    20 000000DB 60                  <1>  pusha
    20 000000DC 9C                  <1>  pushf
    20                              <1> %ifstr %1
    20                              <1>  mov al, %1
    20                              <1> %elifnum %1
    20 000000DD B00A                <1>  mov al, %1
    20                              <1> %elifidni %1,al
    20                              <1>  nop
    20                              <1> %elifidni %1,ah
    20                              <1>  mov al, ah
    20                              <1> %elifidni %1,bl
    20                              <1>  mov al, bl
    20                              <1> %elifidni %1,bh
    20                              <1>  mov al, bh
    20                              <1> %elifidni %1,cl
    20                              <1>  mov al, cl
    20                              <1> %elifidni %1,ch
    20                              <1>  mov al, ch
    20                              <1> %elifidni %1,dl
    20                              <1>  mov al, dl
    20                              <1> %elifidni %1,dh
    20                              <1>  mov al, dh
    20                              <1> %else
    20                              <1>  mov al, %1
    20                              <1> %endif
    20 000000DF 83EC02              <1>  sub esp, 2
    20 000000E2 89E7                <1>  mov edi, esp
    20 000000E4 8807                <1>  mov [edi], al
    20                              <1>  _syscall_write 1, edi, 1
    20                              <2>  _syscall_3 4,%1,%2,%3
    20 000000E6 52                  <3>  push edx
    20 000000E7 51                  <3>  push ecx
    20 000000E8 53                  <3>  push ebx
    20 000000E9 6A04                <3>  push %1
    20 000000EB 6A01                <3>  push %2
    20 000000ED 57                  <3>  push %3
    20 000000EE 6A01                <3>  push %4
    20 000000F0 5A                  <3>  pop edx
    20 000000F1 59                  <3>  pop ecx
    20 000000F2 5B                  <3>  pop ebx
    20 000000F3 58                  <3>  pop eax
    20 000000F4 CD80                <3>  int 0x80
    20 000000F6 5B                  <3>  pop ebx
    20 000000F7 59                  <3>  pop ecx
    20 000000F8 5A                  <3>  pop edx
    20 000000F9 83C402              <1>  add esp, 2
    20 000000FC 9D                  <1>  popf
    20 000000FD 61                  <1>  popa
    21                                  
    22 000000FE 49                      dec ecx
    23 000000FF 83F900                  cmp ecx, 0
    24 00000102 0F8513FFFFFF            jne l
    25                                  
    26                                  PUTCHAR 0xA
    26 00000108 60                  <1>  pusha
    26 00000109 9C                  <1>  pushf
    26                              <1> %ifstr %1
    26                              <1>  mov al, %1
    26                              <1> %elifnum %1
    26 0000010A B00A                <1>  mov al, %1
    26                              <1> %elifidni %1,al
    26                              <1>  nop
    26                              <1> %elifidni %1,ah
    26                              <1>  mov al, ah
    26                              <1> %elifidni %1,bl
    26                              <1>  mov al, bl
    26                              <1> %elifidni %1,bh
    26                              <1>  mov al, bh
    26                              <1> %elifidni %1,cl
    26                              <1>  mov al, cl
    26                              <1> %elifidni %1,ch
    26                              <1>  mov al, ch
    26                              <1> %elifidni %1,dl
    26                              <1>  mov al, dl
    26                              <1> %elifidni %1,dh
    26                              <1>  mov al, dh
    26                              <1> %else
    26                              <1>  mov al, %1
    26                              <1> %endif
    26 0000010C 83EC02              <1>  sub esp, 2
    26 0000010F 89E7                <1>  mov edi, esp
    26 00000111 8807                <1>  mov [edi], al
    26                              <1>  _syscall_write 1, edi, 1
    26                              <2>  _syscall_3 4,%1,%2,%3
    26 00000113 52                  <3>  push edx
    26 00000114 51                  <3>  push ecx
    26 00000115 53                  <3>  push ebx
    26 00000116 6A04                <3>  push %1
    26 00000118 6A01                <3>  push %2
    26 0000011A 57                  <3>  push %3
    26 0000011B 6A01                <3>  push %4
    26 0000011D 5A                  <3>  pop edx
    26 0000011E 59                  <3>  pop ecx
    26 0000011F 5B                  <3>  pop ebx
    26 00000120 58                  <3>  pop eax
    26 00000121 CD80                <3>  int 0x80
    26 00000123 5B                  <3>  pop ebx
    26 00000124 59                  <3>  pop ecx
    26 00000125 5A                  <3>  pop edx
    26 00000126 83C402              <1>  add esp, 2
    26 00000129 9D                  <1>  popf
    26 0000012A 61                  <1>  popa
    27                                  FINISH
    27                              <1>  _syscall_exit %1
    27 0000012B BB00000000          <2>  mov ebx, %1
    27 00000130 B801000000          <2>  mov eax, 1
    27 00000135 CD80                <2>  int 0x80
    28                                  
    29                                  
    30                                  proc:
    31 00000137 89E5                    mov ebp,esp
    32                                  
    33 00000139 8B4D04                  mov ecx, [ebp+4]
    34 0000013C 8B7D08                  mov edi, [ebp+8]
    35 0000013F 31DB                    xor ebx,ebx
    36 00000141 8B07                    mov eax, [edi];min
    37                                  l2:
    38 00000143 FC                      	cld
    39 00000144 AF                      	scasd 
    40 00000145 7C08                    	jl a 
    41 00000147 8B47FC                  	mov eax,[edi-4]
    42 0000014A 89FB                    	mov ebx, edi
    43 0000014C 83EB04                  	sub ebx, 4
    44                                  a:
    45 0000014F E2F2                    loop l2
    46                                  
    47 00000151 C703BC020000            mov dword [ebx],700
    48 00000157 C20800                  ret 8
